#
# A fatal error has been detected by the Java Runtime Environment:
#
#  Internal Error (./open/src/hotspot/cpu/x86/macroAssembler_x86.cpp:880), pid=10436, tid=14176
#  fatal error: DEBUG MESSAGE: illegal bytecode sequence - method not verified
#
# JRE version: OpenJDK Runtime Environment (15.0+36) (build 15+36-1562)
# Java VM: OpenJDK 64-Bit Server VM (15+36-1562, mixed mode, sharing, tiered, compressed oops, g1 gc, windows-amd64)
# No core dump will be written. Minidumps are not enabled by default on client versions of Windows
#
# If you would like to submit a bug report, please visit:
#   https://bugreport.java.com/bugreport/crash.jsp
#

---------------  S U M M A R Y ------------

Command Line: -XX:TieredStopAtLevel=1 -Xverify:none -Dspring.output.ansi.enabled=always -Dcom.sun.management.jmxremote -Dspring.jmx.enabled=true -Dspring.liveBeansView.mbeanDomain -Dspring.application.admin.enabled=true -javaagent:C:\Program Files\IntelliJ IDEA\IntelliJ IDEA 2020.2.3\lib\idea_rt.jar=51844:C:\Program Files\IntelliJ IDEA\IntelliJ IDEA 2020.2.3\bin -Dfile.encoding=UTF-8 com.example.vayprog.VayprogApplication

Host: Intel(R) Core(TM) i5-8250U CPU @ 1.60GHz, 8 cores, 7G,  Windows 10 , 64 bit Build 18362 (10.0.18362.329)
Time: Mon Nov  2 18:41:20 2020 RTZ 2 (ceia) elapsed time: 2.476558 seconds (0d 0h 0m 2s)

---------------  T H R E A D  ---------------

Current thread (0x000001ef4a51d000):  JavaThread "background-preinit" [_thread_in_Java, id=14176, stack(0x000000a01fc00000,0x000000a01fd00000)]

Stack: [0x000000a01fc00000,0x000000a01fd00000]
[error occurred during error reporting (printing stack bounds), id 0xc0000005, EXCEPTION_ACCESS_VIOLATION (0xc0000005) at pc=0x00007ff9666543f5]

Native frames: (J=compiled Java code, j=interpreted, Vv=VM code, C=native code)
V  [jvm.dll+0x629eaa]
V  [jvm.dll+0x780379]
V  [jvm.dll+0x781ad3]
V  [jvm.dll+0x782095]
V  [jvm.dll+0x78204b]
V  [jvm.dll+0x629379]
V  [jvm.dll+0x629b48]
C  [ntdll.dll+0xa121f]
C  [ntdll.dll+0x6a289]
C  [ntdll.dll+0x9fe8e]
V  [jvm.dll+0x6943f5]
C  0x000001ef32610bbe


---------------  P R O C E S S  ---------------

Threads class SMR info:
_java_thread_list=0x000001ef4a61f1d0, length=17, elements={
0x000001ef2a400520, 0x000001ef48ec3d30, 0x000001ef48ec6720, 0x000001ef48ede5c0,
0x000001ef497f0080, 0x000001ef497f2d50, 0x000001ef497f4620, 0x000001ef497fa430,
0x000001ef48ea74b0, 0x000001ef49b58770, 0x000001ef49b7b960, 0x000001ef4a0abce0,
0x000001ef4a427770, 0x000001ef4a490ab0, 0x000001ef4a4c50e0, 0x000001ef4a4c7a70,
0x000001ef4a51d000
}

Java Threads: ( => current thread )
  0x000001ef2a400520 JavaThread "main" [_thread_blocked, id=11948, stack(0x000000a01df00000,0x000000a01e000000)]
  0x000001ef48ec3d30 JavaThread "Reference Handler" daemon [_thread_blocked, id=6840, stack(0x000000a01e600000,0x000000a01e700000)]
  0x000001ef48ec6720 JavaThread "Finalizer" daemon [_thread_blocked, id=17040, stack(0x000000a01e700000,0x000000a01e800000)]
  0x000001ef48ede5c0 JavaThread "Signal Dispatcher" daemon [_thread_blocked, id=17084, stack(0x000000a01e800000,0x000000a01e900000)]
  0x000001ef497f0080 JavaThread "Attach Listener" daemon [_thread_blocked, id=2892, stack(0x000000a01e900000,0x000000a01ea00000)]
  0x000001ef497f2d50 JavaThread "Service Thread" daemon [_thread_blocked, id=7776, stack(0x000000a01ea00000,0x000000a01eb00000)]
  0x000001ef497f4620 JavaThread "C1 CompilerThread0" daemon [_thread_blocked, id=12332, stack(0x000000a01eb00000,0x000000a01ec00000)]
  0x000001ef497fa430 JavaThread "Sweeper thread" daemon [_thread_blocked, id=8020, stack(0x000000a01ec00000,0x000000a01ed00000)]
  0x000001ef48ea74b0 JavaThread "Common-Cleaner" daemon [_thread_blocked, id=15724, stack(0x000000a01ed00000,0x000000a01ee00000)]
  0x000001ef49b58770 JavaThread "Monitor Ctrl-Break" daemon [_thread_in_native, id=16332, stack(0x000000a01ee00000,0x000000a01ef00000)]
  0x000001ef49b7b960 JavaThread "Notification Thread" daemon [_thread_blocked, id=15344, stack(0x000000a01ef00000,0x000000a01f000000)]
  0x000001ef4a0abce0 JavaThread "RMI TCP Accept-0" daemon [_thread_in_native, id=16176, stack(0x000000a01f000000,0x000000a01f100000)]
  0x000001ef4a427770 JavaThread "RMI TCP Connection(1)-192.168.43.42" daemon [_thread_in_native, id=4520, stack(0x000000a01f200000,0x000000a01f300000)]
  0x000001ef4a490ab0 JavaThread "RMI Scheduler(0)" daemon [_thread_blocked, id=7736, stack(0x000000a01f300000,0x000000a01f400000)]
  0x000001ef4a4c50e0 JavaThread "Thread-0" [_thread_blocked, id=11476, stack(0x000000a01f400000,0x000000a01f500000)]
  0x000001ef4a4c7a70 JavaThread "restartedMain" [_thread_in_vm, id=1224, stack(0x000000a01f500000,0x000000a01f600000)]
=>0x000001ef4a51d000 JavaThread "background-preinit" [_thread_in_Java, id=14176, stack(0x000000a01fc00000,0x000000a01fd00000)]

Other Threads:
  0x000001ef48ebf680 VMThread "VM Thread" [stack: 0x000000a01e500000,0x000000a01e600000] [id=14348]
  0x000001ef4a0acf80 WatcherThread [stack: 0x000000a01f100000,0x000000a01f200000] [id=11900]
  0x000001ef2a43dc90 GCTaskThread "GC Thread#0" [stack: 0x000000a01e000000,0x000000a01e100000] [id=15224]
  0x000001ef4a10f350 GCTaskThread "GC Thread#1" [stack: 0x000000a01f600000,0x000000a01f700000] [id=11624]
  0x000001ef4a10c9e0 GCTaskThread "GC Thread#2" [stack: 0x000000a01f700000,0x000000a01f800000] [id=11164]
  0x000001ef4a10d040 GCTaskThread "GC Thread#3" [stack: 0x000000a01f800000,0x000000a01f900000] [id=10368]
  0x000001ef4a10cd10 GCTaskThread "GC Thread#4" [stack: 0x000000a01f900000,0x000000a01fa00000] [id=14476]
  0x000001ef4a10f9b0 GCTaskThread "GC Thread#5" [stack: 0x000000a01fa00000,0x000000a01fb00000] [id=13360]
  0x000001ef2a44fa00 ConcurrentGCThread "G1 Main Marker" [stack: 0x000000a01e100000,0x000000a01e200000] [id=15272]
  0x000001ef2a450c20 ConcurrentGCThread "G1 Conc#0" [stack: 0x000000a01e200000,0x000000a01e300000] [id=3752]
  0x000001ef2a4be9c0 ConcurrentGCThread "G1 Refine#0" [stack: 0x000000a01e300000,0x000000a01e400000] [id=16004]
  0x000001ef499497f0 ConcurrentGCThread "G1 Refine#1" [stack: 0x000000a01fb00000,0x000000a01fc00000] [id=13992]
  0x000001ef48d32a70 ConcurrentGCThread "G1 Young RemSet Sampling" [stack: 0x000000a01e400000,0x000000a01e500000] [id=16576]

Threads with active compile tasks:

VM state: not at safepoint (normal execution)

VM Mutex/Monitor currently owned by a thread:  ([mutex/lock_event])
[0x000001ef2a3fb340] SystemDictionary_lock - owner thread: 0x0000000000000000

Heap address: 0x0000000081c00000, size: 2020 MB, Compressed Oops mode: 32-bit
CDS archive(s) mapped at: [0x0000000800000000-0x0000000800b50000-0x0000000800b50000), size 11862016, SharedBaseAddress: 0x0000000800000000, ArchiveRelocationMode: 0.
Compressed class space mapped at: 0x0000000800b50000-0x0000000840b50000, size: 1073741824
Narrow klass base: 0x0000000800000000, Narrow klass shift: 3, Narrow klass range: 0x100000000

GC Precious Log:
 CPUs: 8 total, 8 available
 Memory: 8078M
 Large Page Support: Disabled
 NUMA Support: Disabled
 Compressed Oops: Enabled (32-bit)
 Heap Region Size: 1M
 Heap Min Capacity: 8M
 Heap Initial Capacity: 128M
 Heap Max Capacity: 2020M
 Pre-touch: Disabled
 Parallel Workers: 8
 Concurrent Workers: 2
 Concurrent Refinement Workers: 8
 Periodic GC: Disabled

Heap:
 garbage-first heap   total 131072K, used 20100K [0x0000000081c00000, 0x0000000100000000)
  region size 1024K, 18 young (18432K), 3 survivors (3072K)
 Metaspace       used 10802K, capacity 11151K, committed 11264K, reserved 1058816K
  class space    used 1420K, capacity 1503K, committed 1536K, reserved 1048576K

Heap Regions: E=young(eden), S=young(survivor), O=old, HS=humongous(starts), HC=humongous(continues), CS=collection set, F=free, OA=open archive, CA=closed archive, TAMS=top-at-mark-start (previous, next)
|   0|0x0000000081c00000, 0x0000000081d00000, 0x0000000081d00000|100%| O|  |TAMS 0x0000000081c00000, 0x0000000081c00000| Untracked 
|   1|0x0000000081d00000, 0x0000000081e00000, 0x0000000081e00000|100%| O|  |TAMS 0x0000000081d00000, 0x0000000081d00000| Untracked 
|   2|0x0000000081e00000, 0x0000000081ea1400, 0x0000000081f00000| 62%| O|  |TAMS 0x0000000081e00000, 0x0000000081e00000| Untracked 
|   3|0x0000000081f00000, 0x0000000081f00000, 0x0000000082000000|  0%| F|  |TAMS 0x0000000081f00000, 0x0000000081f00000| Untracked 
|   4|0x0000000082000000, 0x0000000082000000, 0x0000000082100000|  0%| F|  |TAMS 0x0000000082000000, 0x0000000082000000| Untracked 
|   5|0x0000000082100000, 0x0000000082100000, 0x0000000082200000|  0%| F|  |TAMS 0x0000000082100000, 0x0000000082100000| Untracked 
|   6|0x0000000082200000, 0x0000000082200000, 0x0000000082300000|  0%| F|  |TAMS 0x0000000082200000, 0x0000000082200000| Untracked 
|   7|0x0000000082300000, 0x0000000082300000, 0x0000000082400000|  0%| F|  |TAMS 0x0000000082300000, 0x0000000082300000| Untracked 
|   8|0x0000000082400000, 0x0000000082400000, 0x0000000082500000|  0%| F|  |TAMS 0x0000000082400000, 0x0000000082400000| Untracked 
|   9|0x0000000082500000, 0x0000000082500000, 0x0000000082600000|  0%| F|  |TAMS 0x0000000082500000, 0x0000000082500000| Untracked 
|  10|0x0000000082600000, 0x0000000082600000, 0x0000000082700000|  0%| F|  |TAMS 0x0000000082600000, 0x0000000082600000| Untracked 
|  11|0x0000000082700000, 0x0000000082700000, 0x0000000082800000|  0%| F|  |TAMS 0x0000000082700000, 0x0000000082700000| Untracked 
|  12|0x0000000082800000, 0x0000000082800000, 0x0000000082900000|  0%| F|  |TAMS 0x0000000082800000, 0x0000000082800000| Untracked 
|  13|0x0000000082900000, 0x0000000082900000, 0x0000000082a00000|  0%| F|  |TAMS 0x0000000082900000, 0x0000000082900000| Untracked 
|  14|0x0000000082a00000, 0x0000000082a00000, 0x0000000082b00000|  0%| F|  |TAMS 0x0000000082a00000, 0x0000000082a00000| Untracked 
|  15|0x0000000082b00000, 0x0000000082b00000, 0x0000000082c00000|  0%| F|  |TAMS 0x0000000082b00000, 0x0000000082b00000| Untracked 
|  16|0x0000000082c00000, 0x0000000082c00000, 0x0000000082d00000|  0%| F|  |TAMS 0x0000000082c00000, 0x0000000082c00000| Untracked 
|  17|0x0000000082d00000, 0x0000000082d00000, 0x0000000082e00000|  0%| F|  |TAMS 0x0000000082d00000, 0x0000000082d00000| Untracked 
|  18|0x0000000082e00000, 0x0000000082e00000, 0x0000000082f00000|  0%| F|  |TAMS 0x0000000082e00000, 0x0000000082e00000| Untracked 
|  19|0x0000000082f00000, 0x0000000082f00000, 0x0000000083000000|  0%| F|  |TAMS 0x0000000082f00000, 0x0000000082f00000| Untracked 
|  20|0x0000000083000000, 0x0000000083000000, 0x0000000083100000|  0%| F|  |TAMS 0x0000000083000000, 0x0000000083000000| Untracked 
|  21|0x0000000083100000, 0x0000000083100000, 0x0000000083200000|  0%| F|  |TAMS 0x0000000083100000, 0x0000000083100000| Untracked 
|  22|0x0000000083200000, 0x0000000083200000, 0x0000000083300000|  0%| F|  |TAMS 0x0000000083200000, 0x0000000083200000| Untracked 
|  23|0x0000000083300000, 0x0000000083300000, 0x0000000083400000|  0%| F|  |TAMS 0x0000000083300000, 0x0000000083300000| Untracked 
|  24|0x0000000083400000, 0x0000000083400000, 0x0000000083500000|  0%| F|  |TAMS 0x0000000083400000, 0x0000000083400000| Untracked 
|  25|0x0000000083500000, 0x0000000083500000, 0x0000000083600000|  0%| F|  |TAMS 0x0000000083500000, 0x0000000083500000| Untracked 
|  26|0x0000000083600000, 0x0000000083600000, 0x0000000083700000|  0%| F|  |TAMS 0x0000000083600000, 0x0000000083600000| Untracked 
|  27|0x0000000083700000, 0x0000000083700000, 0x0000000083800000|  0%| F|  |TAMS 0x0000000083700000, 0x0000000083700000| Untracked 
|  28|0x0000000083800000, 0x0000000083800000, 0x0000000083900000|  0%| F|  |TAMS 0x0000000083800000, 0x0000000083800000| Untracked 
|  29|0x0000000083900000, 0x0000000083900000, 0x0000000083a00000|  0%| F|  |TAMS 0x0000000083900000, 0x0000000083900000| Untracked 
|  30|0x0000000083a00000, 0x0000000083a00000, 0x0000000083b00000|  0%| F|  |TAMS 0x0000000083a00000, 0x0000000083a00000| Untracked 
|  31|0x0000000083b00000, 0x0000000083b00000, 0x0000000083c00000|  0%| F|  |TAMS 0x0000000083b00000, 0x0000000083b00000| Untracked 
|  32|0x0000000083c00000, 0x0000000083c00000, 0x0000000083d00000|  0%| F|  |TAMS 0x0000000083c00000, 0x0000000083c00000| Untracked 
|  33|0x0000000083d00000, 0x0000000083d00000, 0x0000000083e00000|  0%| F|  |TAMS 0x0000000083d00000, 0x0000000083d00000| Untracked 
|  34|0x0000000083e00000, 0x0000000083e00000, 0x0000000083f00000|  0%| F|  |TAMS 0x0000000083e00000, 0x0000000083e00000| Untracked 
|  35|0x0000000083f00000, 0x0000000083f00000, 0x0000000084000000|  0%| F|  |TAMS 0x0000000083f00000, 0x0000000083f00000| Untracked 
|  36|0x0000000084000000, 0x0000000084000000, 0x0000000084100000|  0%| F|  |TAMS 0x0000000084000000, 0x0000000084000000| Untracked 
|  37|0x0000000084100000, 0x0000000084100000, 0x0000000084200000|  0%| F|  |TAMS 0x0000000084100000, 0x0000000084100000| Untracked 
|  38|0x0000000084200000, 0x0000000084200000, 0x0000000084300000|  0%| F|  |TAMS 0x0000000084200000, 0x0000000084200000| Untracked 
|  39|0x0000000084300000, 0x0000000084300000, 0x0000000084400000|  0%| F|  |TAMS 0x0000000084300000, 0x0000000084300000| Untracked 
|  40|0x0000000084400000, 0x0000000084400000, 0x0000000084500000|  0%| F|  |TAMS 0x0000000084400000, 0x0000000084400000| Untracked 
|  41|0x0000000084500000, 0x0000000084500000, 0x0000000084600000|  0%| F|  |TAMS 0x0000000084500000, 0x0000000084500000| Untracked 
|  42|0x0000000084600000, 0x0000000084600000, 0x0000000084700000|  0%| F|  |TAMS 0x0000000084600000, 0x0000000084600000| Untracked 
|  43|0x0000000084700000, 0x0000000084700000, 0x0000000084800000|  0%| F|  |TAMS 0x0000000084700000, 0x0000000084700000| Untracked 
|  44|0x0000000084800000, 0x0000000084800000, 0x0000000084900000|  0%| F|  |TAMS 0x0000000084800000, 0x0000000084800000| Untracked 
|  45|0x0000000084900000, 0x0000000084900000, 0x0000000084a00000|  0%| F|  |TAMS 0x0000000084900000, 0x0000000084900000| Untracked 
|  46|0x0000000084a00000, 0x0000000084a00000, 0x0000000084b00000|  0%| F|  |TAMS 0x0000000084a00000, 0x0000000084a00000| Untracked 
|  47|0x0000000084b00000, 0x0000000084b00000, 0x0000000084c00000|  0%| F|  |TAMS 0x0000000084b00000, 0x0000000084b00000| Untracked 
|  48|0x0000000084c00000, 0x0000000084c00000, 0x0000000084d00000|  0%| F|  |TAMS 0x0000000084c00000, 0x0000000084c00000| Untracked 
|  49|0x0000000084d00000, 0x0000000084d00000, 0x0000000084e00000|  0%| F|  |TAMS 0x0000000084d00000, 0x0000000084d00000| Untracked 
|  50|0x0000000084e00000, 0x0000000084e00000, 0x0000000084f00000|  0%| F|  |TAMS 0x0000000084e00000, 0x0000000084e00000| Untracked 
|  51|0x0000000084f00000, 0x0000000084f00000, 0x0000000085000000|  0%| F|  |TAMS 0x0000000084f00000, 0x0000000084f00000| Untracked 
|  52|0x0000000085000000, 0x0000000085000000, 0x0000000085100000|  0%| F|  |TAMS 0x0000000085000000, 0x0000000085000000| Untracked 
|  53|0x0000000085100000, 0x0000000085100000, 0x0000000085200000|  0%| F|  |TAMS 0x0000000085100000, 0x0000000085100000| Untracked 
|  54|0x0000000085200000, 0x0000000085200000, 0x0000000085300000|  0%| F|  |TAMS 0x0000000085200000, 0x0000000085200000| Untracked 
|  55|0x0000000085300000, 0x0000000085300000, 0x0000000085400000|  0%| F|  |TAMS 0x0000000085300000, 0x0000000085300000| Untracked 
|  56|0x0000000085400000, 0x0000000085400000, 0x0000000085500000|  0%| F|  |TAMS 0x0000000085400000, 0x0000000085400000| Untracked 
|  57|0x0000000085500000, 0x0000000085500000, 0x0000000085600000|  0%| F|  |TAMS 0x0000000085500000, 0x0000000085500000| Untracked 
|  58|0x0000000085600000, 0x0000000085600000, 0x0000000085700000|  0%| F|  |TAMS 0x0000000085600000, 0x0000000085600000| Untracked 
|  59|0x0000000085700000, 0x0000000085700000, 0x0000000085800000|  0%| F|  |TAMS 0x0000000085700000, 0x0000000085700000| Untracked 
|  60|0x0000000085800000, 0x0000000085800000, 0x0000000085900000|  0%| F|  |TAMS 0x0000000085800000, 0x0000000085800000| Untracked 
|  61|0x0000000085900000, 0x0000000085900000, 0x0000000085a00000|  0%| F|  |TAMS 0x0000000085900000, 0x0000000085900000| Untracked 
|  62|0x0000000085a00000, 0x0000000085a00000, 0x0000000085b00000|  0%| F|  |TAMS 0x0000000085a00000, 0x0000000085a00000| Untracked 
|  63|0x0000000085b00000, 0x0000000085b00000, 0x0000000085c00000|  0%| F|  |TAMS 0x0000000085b00000, 0x0000000085b00000| Untracked 
|  64|0x0000000085c00000, 0x0000000085c00000, 0x0000000085d00000|  0%| F|  |TAMS 0x0000000085c00000, 0x0000000085c00000| Untracked 
|  65|0x0000000085d00000, 0x0000000085d00000, 0x0000000085e00000|  0%| F|  |TAMS 0x0000000085d00000, 0x0000000085d00000| Untracked 
|  66|0x0000000085e00000, 0x0000000085e00000, 0x0000000085f00000|  0%| F|  |TAMS 0x0000000085e00000, 0x0000000085e00000| Untracked 
|  67|0x0000000085f00000, 0x0000000085f00000, 0x0000000086000000|  0%| F|  |TAMS 0x0000000085f00000, 0x0000000085f00000| Untracked 
|  68|0x0000000086000000, 0x0000000086000000, 0x0000000086100000|  0%| F|  |TAMS 0x0000000086000000, 0x0000000086000000| Untracked 
|  69|0x0000000086100000, 0x0000000086100000, 0x0000000086200000|  0%| F|  |TAMS 0x0000000086100000, 0x0000000086100000| Untracked 
|  70|0x0000000086200000, 0x0000000086200000, 0x0000000086300000|  0%| F|  |TAMS 0x0000000086200000, 0x0000000086200000| Untracked 
|  71|0x0000000086300000, 0x0000000086300000, 0x0000000086400000|  0%| F|  |TAMS 0x0000000086300000, 0x0000000086300000| Untracked 
|  72|0x0000000086400000, 0x0000000086400000, 0x0000000086500000|  0%| F|  |TAMS 0x0000000086400000, 0x0000000086400000| Untracked 
|  73|0x0000000086500000, 0x0000000086500000, 0x0000000086600000|  0%| F|  |TAMS 0x0000000086500000, 0x0000000086500000| Untracked 
|  74|0x0000000086600000, 0x0000000086600000, 0x0000000086700000|  0%| F|  |TAMS 0x0000000086600000, 0x0000000086600000| Untracked 
|  75|0x0000000086700000, 0x0000000086700000, 0x0000000086800000|  0%| F|  |TAMS 0x0000000086700000, 0x0000000086700000| Untracked 
|  76|0x0000000086800000, 0x0000000086800000, 0x0000000086900000|  0%| F|  |TAMS 0x0000000086800000, 0x0000000086800000| Untracked 
|  77|0x0000000086900000, 0x0000000086900000, 0x0000000086a00000|  0%| F|  |TAMS 0x0000000086900000, 0x0000000086900000| Untracked 
|  78|0x0000000086a00000, 0x0000000086a00000, 0x0000000086b00000|  0%| F|  |TAMS 0x0000000086a00000, 0x0000000086a00000| Untracked 
|  79|0x0000000086b00000, 0x0000000086b00000, 0x0000000086c00000|  0%| F|  |TAMS 0x0000000086b00000, 0x0000000086b00000| Untracked 
|  80|0x0000000086c00000, 0x0000000086c00000, 0x0000000086d00000|  0%| F|  |TAMS 0x0000000086c00000, 0x0000000086c00000| Untracked 
|  81|0x0000000086d00000, 0x0000000086d00000, 0x0000000086e00000|  0%| F|  |TAMS 0x0000000086d00000, 0x0000000086d00000| Untracked 
|  82|0x0000000086e00000, 0x0000000086e00000, 0x0000000086f00000|  0%| F|  |TAMS 0x0000000086e00000, 0x0000000086e00000| Untracked 
|  83|0x0000000086f00000, 0x0000000086f00000, 0x0000000087000000|  0%| F|  |TAMS 0x0000000086f00000, 0x0000000086f00000| Untracked 
|  84|0x0000000087000000, 0x0000000087000000, 0x0000000087100000|  0%| F|  |TAMS 0x0000000087000000, 0x0000000087000000| Untracked 
|  85|0x0000000087100000, 0x0000000087100000, 0x0000000087200000|  0%| F|  |TAMS 0x0000000087100000, 0x0000000087100000| Untracked 
|  86|0x0000000087200000, 0x0000000087200000, 0x0000000087300000|  0%| F|  |TAMS 0x0000000087200000, 0x0000000087200000| Untracked 
|  87|0x0000000087300000, 0x0000000087300000, 0x0000000087400000|  0%| F|  |TAMS 0x0000000087300000, 0x0000000087300000| Untracked 
|  88|0x0000000087400000, 0x0000000087400000, 0x0000000087500000|  0%| F|  |TAMS 0x0000000087400000, 0x0000000087400000| Untracked 
|  89|0x0000000087500000, 0x0000000087500000, 0x0000000087600000|  0%| F|  |TAMS 0x0000000087500000, 0x0000000087500000| Untracked 
|  90|0x0000000087600000, 0x0000000087600000, 0x0000000087700000|  0%| F|  |TAMS 0x0000000087600000, 0x0000000087600000| Untracked 
|  91|0x0000000087700000, 0x0000000087700000, 0x0000000087800000|  0%| F|  |TAMS 0x0000000087700000, 0x0000000087700000| Untracked 
|  92|0x0000000087800000, 0x0000000087800000, 0x0000000087900000|  0%| F|  |TAMS 0x0000000087800000, 0x0000000087800000| Untracked 
|  93|0x0000000087900000, 0x0000000087900000, 0x0000000087a00000|  0%| F|  |TAMS 0x0000000087900000, 0x0000000087900000| Untracked 
|  94|0x0000000087a00000, 0x0000000087a00000, 0x0000000087b00000|  0%| F|  |TAMS 0x0000000087a00000, 0x0000000087a00000| Untracked 
|  95|0x0000000087b00000, 0x0000000087b00000, 0x0000000087c00000|  0%| F|  |TAMS 0x0000000087b00000, 0x0000000087b00000| Untracked 
|  96|0x0000000087c00000, 0x0000000087c00000, 0x0000000087d00000|  0%| F|  |TAMS 0x0000000087c00000, 0x0000000087c00000| Untracked 
|  97|0x0000000087d00000, 0x0000000087d00000, 0x0000000087e00000|  0%| F|  |TAMS 0x0000000087d00000, 0x0000000087d00000| Untracked 
|  98|0x0000000087e00000, 0x0000000087e00000, 0x0000000087f00000|  0%| F|  |TAMS 0x0000000087e00000, 0x0000000087e00000| Untracked 
|  99|0x0000000087f00000, 0x0000000087f00000, 0x0000000088000000|  0%| F|  |TAMS 0x0000000087f00000, 0x0000000087f00000| Untracked 
| 100|0x0000000088000000, 0x0000000088000000, 0x0000000088100000|  0%| F|  |TAMS 0x0000000088000000, 0x0000000088000000| Untracked 
| 101|0x0000000088100000, 0x0000000088100000, 0x0000000088200000|  0%| F|  |TAMS 0x0000000088100000, 0x0000000088100000| Untracked 
| 102|0x0000000088200000, 0x0000000088300000, 0x0000000088300000|100%| S|CS|TAMS 0x0000000088200000, 0x0000000088200000| Complete 
| 103|0x0000000088300000, 0x00000000883ffff8, 0x0000000088400000| 99%| S|CS|TAMS 0x0000000088300000, 0x0000000088300000| Complete 
| 104|0x0000000088400000, 0x0000000088500000, 0x0000000088500000|100%| S|CS|TAMS 0x0000000088400000, 0x0000000088400000| Complete 
| 105|0x0000000088500000, 0x0000000088500000, 0x0000000088600000|  0%| F|  |TAMS 0x0000000088500000, 0x0000000088500000| Untracked 
| 106|0x0000000088600000, 0x0000000088600000, 0x0000000088700000|  0%| F|  |TAMS 0x0000000088600000, 0x0000000088600000| Untracked 
| 107|0x0000000088700000, 0x0000000088700000, 0x0000000088800000|  0%| F|  |TAMS 0x0000000088700000, 0x0000000088700000| Untracked 
| 108|0x0000000088800000, 0x0000000088800000, 0x0000000088900000|  0%| F|  |TAMS 0x0000000088800000, 0x0000000088800000| Untracked 
| 109|0x0000000088900000, 0x0000000088900000, 0x0000000088a00000|  0%| F|  |TAMS 0x0000000088900000, 0x0000000088900000| Untracked 
| 110|0x0000000088a00000, 0x0000000088a00000, 0x0000000088b00000|  0%| F|  |TAMS 0x0000000088a00000, 0x0000000088a00000| Untracked 
| 111|0x0000000088b00000, 0x0000000088b00000, 0x0000000088c00000|  0%| F|  |TAMS 0x0000000088b00000, 0x0000000088b00000| Untracked 
| 112|0x0000000088c00000, 0x0000000088c44d58, 0x0000000088d00000| 26%| E|  |TAMS 0x0000000088c00000, 0x0000000088c00000| Complete 
| 113|0x0000000088d00000, 0x0000000088e00000, 0x0000000088e00000|100%| E|CS|TAMS 0x0000000088d00000, 0x0000000088d00000| Complete 
| 114|0x0000000088e00000, 0x0000000088f00000, 0x0000000088f00000|100%| E|CS|TAMS 0x0000000088e00000, 0x0000000088e00000| Complete 
| 115|0x0000000088f00000, 0x0000000089000000, 0x0000000089000000|100%| E|CS|TAMS 0x0000000088f00000, 0x0000000088f00000| Complete 
| 116|0x0000000089000000, 0x0000000089100000, 0x0000000089100000|100%| E|CS|TAMS 0x0000000089000000, 0x0000000089000000| Complete 
| 117|0x0000000089100000, 0x0000000089200000, 0x0000000089200000|100%| E|CS|TAMS 0x0000000089100000, 0x0000000089100000| Complete 
| 118|0x0000000089200000, 0x0000000089300000, 0x0000000089300000|100%| E|CS|TAMS 0x0000000089200000, 0x0000000089200000| Complete 
| 119|0x0000000089300000, 0x0000000089400000, 0x0000000089400000|100%| E|CS|TAMS 0x0000000089300000, 0x0000000089300000| Complete 
| 120|0x0000000089400000, 0x0000000089500000, 0x0000000089500000|100%| E|CS|TAMS 0x0000000089400000, 0x0000000089400000| Complete 
| 121|0x0000000089500000, 0x0000000089600000, 0x0000000089600000|100%| E|CS|TAMS 0x0000000089500000, 0x0000000089500000| Complete 
| 122|0x0000000089600000, 0x0000000089700000, 0x0000000089700000|100%| E|CS|TAMS 0x0000000089600000, 0x0000000089600000| Complete 
| 123|0x0000000089700000, 0x0000000089800000, 0x0000000089800000|100%| E|CS|TAMS 0x0000000089700000, 0x0000000089700000| Complete 
| 124|0x0000000089800000, 0x0000000089900000, 0x0000000089900000|100%| E|CS|TAMS 0x0000000089800000, 0x0000000089800000| Complete 
| 125|0x0000000089900000, 0x0000000089a00000, 0x0000000089a00000|100%| E|CS|TAMS 0x0000000089900000, 0x0000000089900000| Complete 
| 126|0x0000000089a00000, 0x0000000089b00000, 0x0000000089b00000|100%| E|CS|TAMS 0x0000000089a00000, 0x0000000089a00000| Complete 
| 127|0x0000000089b00000, 0x0000000089c00000, 0x0000000089c00000|100%| E|CS|TAMS 0x0000000089b00000, 0x0000000089b00000| Complete 

Card table byte_map: [0x000001ef41d40000,0x000001ef42140000] _byte_map_base: 0x000001ef41932000

Marking Bits (Prev, Next): (CMBitMap*) 0x000001ef2a43f320, (CMBitMap*) 0x000001ef2a43f360
 Prev Bits: [0x000001ef42540000, 0x000001ef444d0000)
 Next Bits: [0x000001ef444d0000, 0x000001ef46460000)

Polling page: 0x000001ef283f0000

Metaspace:

Usage:
  Non-class:      9.42 MB capacity,     9.22 MB ( 98%) used,   191.80 KB (  2%) free+waste,    19.31 KB ( <1%) overhead. 
      Class:      1.50 MB capacity,     1.40 MB ( 93%) used,    95.62 KB (  6%) free+waste,     9.31 KB ( <1%) overhead. 
       Both:     10.92 MB capacity,    10.61 MB ( 97%) used,   287.41 KB (  3%) free+waste,    28.63 KB ( <1%) overhead. 

Virtual space:
  Non-class space:       10.00 MB reserved,       9.50 MB ( 95%) committed 
      Class space:        1.00 GB reserved,       1.50 MB ( <1%) committed 
             Both:        1.01 GB reserved,      11.00 MB (  1%) committed 

Chunk freelists:
   Non-Class:  16.00 KB
       Class:  1.00 KB
        Both:  17.00 KB

MaxMetaspaceSize: 17179869184.00 GB
CompressedClassSpaceSize: 1.00 GB

CodeHeap 'non-profiled nmethods': size=238336Kb used=2532Kb max_used=2532Kb free=235803Kb
 bounds [0x000001ef32d50000, 0x000001ef32fd0000, 0x000001ef41610000]
CodeHeap 'non-nmethods': size=7424Kb used=1199Kb max_used=1199Kb free=6224Kb
 bounds [0x000001ef32610000, 0x000001ef32880000, 0x000001ef32d50000]
 total_blobs=2253 nmethods=1789 adapters=391
 compilation: enabled
              stopped_count=0, restarted_count=0
 full_count=0

Compilation events (20 events):
Event: 2.472 Thread 0x000001ef497f4620 nmethod 1770 0x000001ef32fc1290 code [0x000001ef32fc1440, 0x000001ef32fc1568]
Event: 2.472 Thread 0x000001ef497f4620 1771       1       ch.qos.logback.classic.Logger::isDebugEnabled (6 bytes)
Event: 2.472 Thread 0x000001ef497f4620 nmethod 1771 0x000001ef32fc1610 code [0x000001ef32fc17a0, 0x000001ef32fc1888]
Event: 2.472 Thread 0x000001ef497f4620 1769       1       java.lang.invoke.InnerClassLambdaMetafactory::lambdaClassName (57 bytes)
Event: 2.473 Thread 0x000001ef497f4620 nmethod 1769 0x000001ef32fc1910 code [0x000001ef32fc1b20, 0x000001ef32fc1f38]
Event: 2.473 Thread 0x000001ef497f4620 1765       1       jdk.internal.org.objectweb.asm.AnnotationWriter::create (34 bytes)
Event: 2.473 Thread 0x000001ef497f4620 nmethod 1765 0x000001ef32fc2190 code [0x000001ef32fc2360, 0x000001ef32fc2698]
Event: 2.473 Thread 0x000001ef497f4620 1772       1       org.springframework.core.ResolvableType::calculateHashCode (80 bytes)
Event: 2.474 Thread 0x000001ef497f4620 nmethod 1772 0x000001ef32fc2810 code [0x000001ef32fc29e0, 0x000001ef32fc2bb8]
Event: 2.474 Thread 0x000001ef497f4620 1773       1       org.springframework.core.convert.converter.GenericConverter$ConvertiblePair::<init> (27 bytes)
Event: 2.474 Thread 0x000001ef497f4620 nmethod 1773 0x000001ef32fc2d10 code [0x000001ef32fc2ee0, 0x000001ef32fc3158]
Event: 2.474 Thread 0x000001ef497f4620 1775       1       org.springframework.boot.context.properties.source.SpringConfigurationPropertySources$SourcesIterator::isRandomPropertySource (38 bytes)
Event: 2.474 Thread 0x000001ef497f4620 nmethod 1775 0x000001ef32fc3290 code [0x000001ef32fc3440, 0x000001ef32fc3698]
Event: 2.474 Thread 0x000001ef497f4620 1774       1       java.lang.invoke.DirectMethodHandle$Constructor::<init> (44 bytes)
Event: 2.474 Thread 0x000001ef497f4620 nmethod 1774 0x000001ef32fc3790 code [0x000001ef32fc3940, 0x000001ef32fc3ac8]
Event: 2.474 Thread 0x000001ef497f4620 1766       1       jdk.internal.org.objectweb.asm.AnnotationWriter::<init> (60 bytes)
Event: 2.474 Thread 0x000001ef497f4620 nmethod 1766 0x000001ef32fc3b90 code [0x000001ef32fc3d40, 0x000001ef32fc4008]
Event: 2.474 Thread 0x000001ef497f4620 1780       1       java.util.stream.AbstractPipeline::copyIntoWithCancel (46 bytes)
Event: 2.475 Thread 0x000001ef497f4620 nmethod 1780 0x000001ef32fc4110 code [0x000001ef32fc42e0, 0x000001ef32fc4478]
Event: 2.475 Thread 0x000001ef497f4620 1778       1       org.springframework.boot.context.properties.source.ConfigurationPropertyName::adapt (53 bytes)

GC Heap History (2 events):
Event: 2.086 GC heap before
{Heap before GC invocations=0 (full 0):
 garbage-first heap   total 131072K, used 22528K [0x0000000081c00000, 0x0000000100000000)
  region size 1024K, 23 young (23552K), 0 survivors (0K)
 Metaspace       used 7685K, capacity 7938K, committed 8192K, reserved 1056768K
  class space    used 936K, capacity 1008K, committed 1024K, reserved 1048576K
}
Event: 2.092 GC heap after
{Heap after GC invocations=1 (full 0):
 garbage-first heap   total 131072K, used 5764K [0x0000000081c00000, 0x0000000100000000)
  region size 1024K, 3 young (3072K), 3 survivors (3072K)
 Metaspace       used 7685K, capacity 7938K, committed 8192K, reserved 1056768K
  class space    used 936K, capacity 1008K, committed 1024K, reserved 1048576K
}

Deoptimization events (0 events):
No events

Classes unloaded (0 events):
No events

Classes redefined (0 events):
No events

Internal exceptions (20 events):
Event: 1.761 Thread 0x000001ef2a400520 Exception <a 'java/lang/NoSuchMethodError'{0x0000000088ba49e8}: 'int java.lang.invoke.DirectMethodHandle$Holder.invokeStaticInit(java.lang.Object, java.lang.Object, java.lang.Object)'> (0x0000000088ba49e8) 
thrown [./open/src/hotspot/share/interpreter/linkResolver.cpp, line 782]
Event: 1.778 Thread 0x000001ef2a400520 Exception <a 'java/lang/NoSuchMethodError'{0x0000000088bcf848}: 'java.lang.Object java.lang.invoke.DirectMethodHandle$Holder.invokeVirtual(java.lang.Object, java.lang.Object, java.lang.Object)'> (0x0000000088bcf848) 
thrown [./open/src/hotspot/share/interpreter/linkResolver.cpp, line 782]
Event: 1.823 Thread 0x000001ef2a400520 Exception <a 'java/lang/NoSuchMethodError'{0x0000000088bfcc50}: 'java.lang.Object java.lang.invoke.DirectMethodHandle$Holder.newInvokeSpecial(java.lang.Object, java.lang.Object, java.lang.Object, java.lang.Object, java.lang.Object)'> (0x0000000088bfcc50) 
thrown [./open/src/hotspot/share/interpreter/linkResolver.cpp, line 782]
Event: 1.921 Thread 0x000001ef4a427770 Exception <a 'java/lang/NoSuchMethodError'{0x0000000088ae1408}: static [B.<clinit>()V> (0x0000000088ae1408) 
thrown [./open/src/hotspot/share/prims/jni.cpp, line 1204]
Event: 1.962 Thread 0x000001ef4a427770 Exception <a 'java/lang/ClassNotFoundException'{0x000000008898dde0}: javax/management/remote/rmi/RMIConnectionImpl_Skel> (0x000000008898dde0) 
thrown [./open/src/hotspot/share/classfile/systemDictionary.cpp, line 295]
Event: 1.975 Thread 0x000001ef4a4a38c0 Exception <a 'java/lang/NoSuchMethodError'{0x000000008881e638}: 'java.lang.Object java.lang.invoke.Invokers$Holder.linkToTargetMethod(java.lang.Object, long, java.lang.Object)'> (0x000000008881e638) 
thrown [./open/src/hotspot/share/interpreter/linkResolver.cpp, line 782]
Event: 1.988 Thread 0x000001ef4a427770 Exception <a 'java/lang/reflect/InvocationTargetException'{0x00000000889c4e90}> (0x00000000889c4e90) 
thrown [./open/src/hotspot/share/runtime/reflection.cpp, line 1157]
Event: 1.993 Thread 0x000001ef4a427770 Exception <a 'java/lang/NoSuchMethodError'{0x00000000889e66e0}: static [Ljava/lang/StackTraceElement;.<clinit>()V> (0x00000000889e66e0) 
thrown [./open/src/hotspot/share/prims/jni.cpp, line 1204]
Event: 2.220 Thread 0x000001ef4a4c7a70 Exception <a 'java/lang/NoSuchMethodError'{0x000000008972cb60}: 'void java.lang.invoke.DirectMethodHandle$Holder.invokeStatic(java.lang.Object, java.lang.Object, java.lang.Object, java.lang.Object)'> (0x000000008972cb60) 
thrown [./open/src/hotspot/share/interpreter/linkResolver.cpp, line 782]
Event: 2.224 Thread 0x000001ef4a4c7a70 Exception <a 'java/lang/NoSuchMethodError'{0x0000000089745cc0}: 'java.lang.Object java.lang.invoke.Invokers$Holder.invokeExact_MT(java.lang.Object, java.lang.Object, java.lang.Object, java.lang.Object, java.lang.Object, java.lang.Object)'> (0x0000000089745cc0) 
thrown [./open/src/hotspot/share/interpreter/linkResolver.cpp, line 782]
Event: 2.226 Thread 0x000001ef4a4c7a70 Exception <a 'java/lang/NoSuchMethodError'{0x000000008975c860}: 'java.lang.Object java.lang.invoke.DirectMethodHandle$Holder.invokeInterface(java.lang.Object, java.lang.Object, java.lang.Object)'> (0x000000008975c860) 
thrown [./open/src/hotspot/share/interpreter/linkResolver.cpp, line 782]
Event: 2.227 Thread 0x000001ef4a4c7a70 Exception <a 'java/lang/IncompatibleClassChangeError'{0x00000000897600f8}: Found class java.lang.Object, but interface was expected> (0x00000000897600f8) 
thrown [./open/src/hotspot/share/interpreter/linkResolver.cpp, line 848]
Event: 2.254 Thread 0x000001ef4a4c7a70 Exception <a 'java/lang/NoSuchMethodError'{0x000000008965d510}: 'int java.lang.invoke.DirectMethodHandle$Holder.invokeSpecial(java.lang.Object, java.lang.Object, java.lang.Object, java.lang.Object)'> (0x000000008965d510) 
thrown [./open/src/hotspot/share/interpreter/linkResolver.cpp, line 782]
Event: 2.292 Thread 0x000001ef4a4c7a70 Exception <a 'java/lang/NoSuchMethodError'{0x00000000895a2e78}: 'java.lang.Object java.lang.invoke.DirectMethodHandle$Holder.newInvokeSpecial(java.lang.Object, java.lang.Object, java.lang.Object, java.lang.Object, java.lang.Object, java.lang.Object)'> (0x00000000895a2e78) 
thrown [./open/src/hotspot/share/interpreter/linkResolver.cpp, line 782]
Event: 2.323 Thread 0x000001ef4a4c7a70 Exception <a 'java/lang/NoSuchMethodError'{0x00000000894571d0}: 'java.lang.Object java.lang.invoke.DirectMethodHandle$Holder.invokeSpecial(java.lang.Object, java.lang.Object, java.lang.Object, java.lang.Object, java.lang.Object, java.lang.Object, int)'> (0x00000000894571d0) 
thrown [./open/src/hotspot/share/interpreter/linkResolver.cpp, line 782]
Event: 2.324 Thread 0x000001ef4a4c7a70 Exception <a 'java/lang/NoSuchMethodError'{0x0000000089462840}: 'java.lang.Object java.lang.invoke.DirectMethodHandle$Holder.newInvokeSpecial(java.lang.Object, java.lang.Object, java.lang.Object, java.lang.Object, java.lang.Object, java.lang.Object, int)'> (0x0000000089462840) 
thrown [./open/src/hotspot/share/interpreter/linkResolver.cpp, line 782]
Event: 2.324 Thread 0x000001ef4a4c7a70 Exception <a 'java/lang/NoSuchMethodError'{0x0000000089467988}: 'java.lang.Object java.lang.invoke.DirectMethodHandle$Holder.invokeSpecial(java.lang.Object, java.lang.Object, java.lang.Object, java.lang.Object, java.lang.Object, java.lang.Object, java.lang.Object, int)'> (0x0000000089467988) 
thrown [./open/src/hotspot/share/interpreter/linkResolver.cpp, line 782]
Event: 2.399 Thread 0x000001ef4a4c7a70 Exception <a 'java/lang/NoSuchMethodError'{0x000000008910b8f8}: 'void java.lang.invoke.DirectMethodHandle$Holder.invokeInterface(java.lang.Object, java.lang.Object, java.lang.Object)'> (0x000000008910b8f8) 
thrown [./open/src/hotspot/share/interpreter/linkResolver.cpp, line 782]
Event: 2.429 Thread 0x000001ef4a4c7a70 Exception <a 'java/lang/NoSuchMethodError'{0x00000000890a9360}: 'void java.lang.invoke.DirectMethodHandle$Holder.invokeStatic(java.lang.Object, java.lang.Object, int)'> (0x00000000890a9360) 
thrown [./open/src/hotspot/share/interpreter/linkResolver.cpp, line 782]
Event: 2.470 Thread 0x000001ef4a4c7a70 Exception <a 'java/lang/NoSuchMethodError'{0x0000000088e38d20}: 'void java.lang.invoke.DirectMethodHandle$Holder.invokeSpecial(java.lang.Object, java.lang.Object, java.lang.Object, java.lang.Object, java.lang.Object)'> (0x0000000088e38d20) 
thrown [./open/src/hotspot/share/interpreter/linkResolver.cpp, line 782]

Events (20 events):
Event: 2.411 loading class java/beans/Introspector$1 done
Event: 2.420 loading class org/xml/sax/InputSource
Event: 2.420 loading class org/xml/sax/InputSource done
Event: 2.428 loading class java/util/function/IntUnaryOperator
Event: 2.429 loading class java/util/function/IntUnaryOperator done
Event: 2.429 loading class java/util/stream/IntPipeline$4
Event: 2.429 loading class java/util/stream/IntPipeline$4 done
Event: 2.430 loading class java/util/stream/ForEachOps$ForEachOp$OfInt
Event: 2.430 loading class java/util/stream/ForEachOps$ForEachOp$OfInt done
Event: 2.430 loading class java/util/stream/IntPipeline$4$1
Event: 2.430 loading class java/util/stream/IntPipeline$4$1 done
Event: 2.430 loading class java/util/RegularEnumSet$EnumSetIterator
Event: 2.430 loading class java/util/RegularEnumSet$EnumSetIterator done
Event: 2.434 loading class java/nio/file/attribute/PosixFilePermission
Event: 2.434 loading class java/nio/file/attribute/PosixFilePermission done
Event: 2.451 loading class java/util/Stack
Event: 2.451 loading class java/util/Stack done
Event: 2.451 loading class java/util/Vector$Itr
Event: 2.451 loading class java/util/Vector$Itr done
Event: 2.472 Thread 0x000001ef4a51d000 Thread added: 0x000001ef4a51d000


Dynamic libraries:
0x00007ff602000000 - 0x00007ff60200d000 	C:\Users\Admin\.jdks\openjdk-15\bin\java.exe
0x00007ff99da40000 - 0x00007ff99dc30000 	C:\WINDOWS\SYSTEM32\ntdll.dll
0x00007ff99c120000 - 0x00007ff99c1d2000 	C:\WINDOWS\System32\KERNEL32.DLL
0x00007ff99b470000 - 0x00007ff99b713000 	C:\WINDOWS\System32\KERNELBASE.dll
0x00007ff99b720000 - 0x00007ff99b81a000 	C:\WINDOWS\System32\ucrtbase.dll
0x00007ff996f80000 - 0x00007ff996f98000 	C:\Users\Admin\.jdks\openjdk-15\bin\jli.dll
0x00007ff996f60000 - 0x00007ff996f79000 	C:\Users\Admin\.jdks\openjdk-15\bin\VCRUNTIME140.dll
0x00007ff99d310000 - 0x00007ff99d4a4000 	C:\WINDOWS\System32\USER32.dll
0x00007ff99aac0000 - 0x00007ff99aae1000 	C:\WINDOWS\System32\win32u.dll
0x00007ff98b050000 - 0x00007ff98b2d5000 	C:\WINDOWS\WinSxS\amd64_microsoft.windows.common-controls_6595b64144ccf1df_6.0.18362.657_none_e6c5b579130e3898\COMCTL32.dll
0x00007ff99bac0000 - 0x00007ff99bae6000 	C:\WINDOWS\System32\GDI32.dll
0x00007ff99c2c0000 - 0x00007ff99c35e000 	C:\WINDOWS\System32\msvcrt.dll
0x00007ff99b820000 - 0x00007ff99b9b4000 	C:\WINDOWS\System32\gdi32full.dll
0x00007ff99cdb0000 - 0x00007ff99d0e6000 	C:\WINDOWS\System32\combase.dll
0x00007ff99ba20000 - 0x00007ff99babe000 	C:\WINDOWS\System32\msvcp_win.dll
0x00007ff99cc20000 - 0x00007ff99cd40000 	C:\WINDOWS\System32\RPCRT4.dll
0x00007ff99aaf0000 - 0x00007ff99ab70000 	C:\WINDOWS\System32\bcryptPrimitives.dll
0x00007ff99d0f0000 - 0x00007ff99d11e000 	C:\WINDOWS\System32\IMM32.DLL
0x00007ff996f50000 - 0x00007ff996f5c000 	C:\Users\Admin\.jdks\openjdk-15\bin\vcruntime140_1.dll
0x00007ff995ed0000 - 0x00007ff995f61000 	C:\Users\Admin\.jdks\openjdk-15\bin\msvcp140.dll
0x00007ff965fc0000 - 0x00007ff966b1c000 	C:\Users\Admin\.jdks\openjdk-15\bin\server\jvm.dll
0x00007ff99d260000 - 0x00007ff99d303000 	C:\WINDOWS\System32\ADVAPI32.dll
0x00007ff99c080000 - 0x00007ff99c117000 	C:\WINDOWS\System32\sechost.dll
0x00007ff99bb50000 - 0x00007ff99bb58000 	C:\WINDOWS\System32\PSAPI.DLL
0x00007ff9942c0000 - 0x00007ff9942ca000 	C:\WINDOWS\SYSTEM32\VERSION.dll
0x00007ff985c10000 - 0x00007ff985c19000 	C:\WINDOWS\SYSTEM32\WSOCK32.dll
0x00007ff997030000 - 0x00007ff997054000 	C:\WINDOWS\SYSTEM32\WINMM.dll
0x00007ff99d1f0000 - 0x00007ff99d25f000 	C:\WINDOWS\System32\WS2_32.dll
0x00007ff997000000 - 0x00007ff99702d000 	C:\WINDOWS\SYSTEM32\winmmbase.dll
0x00007ff99a9c0000 - 0x00007ff99aa0a000 	C:\WINDOWS\System32\cfgmgr32.dll
0x00007ff99a8f0000 - 0x00007ff99a901000 	C:\WINDOWS\System32\kernel.appcore.dll
0x00007ff996f40000 - 0x00007ff996f4a000 	C:\Users\Admin\.jdks\openjdk-15\bin\jimage.dll
0x00007ff999200000 - 0x00007ff9993f4000 	C:\WINDOWS\SYSTEM32\DBGHELP.DLL
0x00007ff9825e0000 - 0x00007ff98260a000 	C:\WINDOWS\SYSTEM32\dbgcore.DLL
0x00007ff996050000 - 0x00007ff99605e000 	C:\Users\Admin\.jdks\openjdk-15\bin\instrument.dll
0x00007ff996f10000 - 0x00007ff996f35000 	C:\Users\Admin\.jdks\openjdk-15\bin\java.dll
0x00007ff99c4b0000 - 0x00007ff99cb95000 	C:\WINDOWS\System32\SHELL32.dll
0x00007ff99c1e0000 - 0x00007ff99c289000 	C:\WINDOWS\System32\shcore.dll
0x00007ff99ab70000 - 0x00007ff99b2ef000 	C:\WINDOWS\System32\windows.storage.dll
0x00007ff99a980000 - 0x00007ff99a99f000 	C:\WINDOWS\System32\profapi.dll
0x00007ff99a910000 - 0x00007ff99a95a000 	C:\WINDOWS\System32\powrprof.dll
0x00007ff99a8e0000 - 0x00007ff99a8f0000 	C:\WINDOWS\System32\UMPDC.dll
0x00007ff99baf0000 - 0x00007ff99bb42000 	C:\WINDOWS\System32\shlwapi.dll
0x00007ff99a9a0000 - 0x00007ff99a9b7000 	C:\WINDOWS\System32\cryptsp.dll
0x00007ff996610000 - 0x00007ff996628000 	C:\Users\Admin\.jdks\openjdk-15\bin\zip.dll
0x00007ff996ef0000 - 0x00007ff996f09000 	C:\Users\Admin\.jdks\openjdk-15\bin\net.dll
0x00007ff98d750000 - 0x00007ff98d840000 	C:\WINDOWS\SYSTEM32\WINHTTP.dll
0x00007ff99a150000 - 0x00007ff99a1b7000 	C:\WINDOWS\system32\mswsock.dll
0x00007ff996ed0000 - 0x00007ff996ee2000 	C:\Users\Admin\.jdks\openjdk-15\bin\nio.dll
0x00007ff982340000 - 0x00007ff98235a000 	C:\Program Files\IntelliJ IDEA\IntelliJ IDEA 2020.2.3\bin\breakgen64.dll
0x00007ff999ea0000 - 0x00007ff999f6a000 	C:\WINDOWS\SYSTEM32\DNSAPI.dll
0x00007ff99c2b0000 - 0x00007ff99c2b8000 	C:\WINDOWS\System32\NSI.dll
0x00007ff999e60000 - 0x00007ff999e9a000 	C:\WINDOWS\SYSTEM32\IPHLPAPI.DLL
0x00007ff991dd0000 - 0x00007ff991dda000 	C:\Windows\System32\rasadhlp.dll
0x00007ff98ffc0000 - 0x00007ff990037000 	C:\WINDOWS\System32\fwpuclnt.dll
0x00007ff99b440000 - 0x00007ff99b466000 	C:\WINDOWS\System32\bcrypt.dll
0x00007ff996040000 - 0x00007ff996049000 	C:\Users\Admin\.jdks\openjdk-15\bin\management.dll
0x00007ff995e80000 - 0x00007ff995e8b000 	C:\Users\Admin\.jdks\openjdk-15\bin\management_ext.dll
0x00007ff999cc0000 - 0x00007ff999cf3000 	C:\WINDOWS\system32\rsaenh.dll
0x00007ff99a800000 - 0x00007ff99a825000 	C:\WINDOWS\SYSTEM32\USERENV.dll
0x00007ff99a320000 - 0x00007ff99a32c000 	C:\WINDOWS\SYSTEM32\CRYPTBASE.dll
0x00007ff991db0000 - 0x00007ff991dc6000 	C:\WINDOWS\SYSTEM32\dhcpcsvc6.DLL
0x00007ff992340000 - 0x00007ff99235c000 	C:\WINDOWS\SYSTEM32\dhcpcsvc.DLL
0x00007ff993740000 - 0x00007ff993756000 	C:\WINDOWS\system32\napinsp.dll
0x00007ff993720000 - 0x00007ff99373a000 	C:\WINDOWS\system32\pnrpnsp.dll
0x00007ff993710000 - 0x00007ff99371e000 	C:\WINDOWS\System32\winrnr.dll
0x00007ff996e70000 - 0x00007ff996e8c000 	C:\WINDOWS\system32\NLAapi.dll
0x00007ff97bdd0000 - 0x00007ff97bde5000 	C:\WINDOWS\system32\wshbth.dll

dbghelp: loaded successfully - version: 4.0.5 - missing functions: none
symbol engine: initialized successfully - sym options: 0x614 - pdb path: .;C:\Users\Admin\.jdks\openjdk-15\bin;C:\WINDOWS\SYSTEM32;C:\WINDOWS\WinSxS\amd64_microsoft.windows.common-controls_6595b64144ccf1df_6.0.18362.657_none_e6c5b579130e3898;C:\Users\Admin\.jdks\openjdk-15\bin\server;C:\Program Files\IntelliJ IDEA\IntelliJ IDEA 2020.2.3\bin

VM Arguments:
jvm_args: -XX:TieredStopAtLevel=1 -Xverify:none -Dspring.output.ansi.enabled=always -Dcom.sun.management.jmxremote -Dspring.jmx.enabled=true -Dspring.liveBeansView.mbeanDomain -Dspring.application.admin.enabled=true -javaagent:C:\Program Files\IntelliJ IDEA\IntelliJ IDEA 2020.2.3\lib\idea_rt.jar=51844:C:\Program Files\IntelliJ IDEA\IntelliJ IDEA 2020.2.3\bin -Dfile.encoding=UTF-8 
java_command: com.example.vayprog.VayprogApplication
java_class_path (initial): C:\Users\Admin\Downloads\vayprog\vayprog\target\classes;C:\Users\Admin\.m2\repository\org\springframework\boot\spring-boot-starter-thymeleaf\2.4.0-RC1\spring-boot-starter-thymeleaf-2.4.0-RC1.jar;C:\Users\Admin\.m2\repository\org\springframework\boot\spring-boot-starter\2.4.0-RC1\spring-boot-starter-2.4.0-RC1.jar;C:\Users\Admin\.m2\repository\org\springframework\boot\spring-boot-starter-logging\2.4.0-RC1\spring-boot-starter-logging-2.4.0-RC1.jar;C:\Users\Admin\.m2\repository\ch\qos\logback\logback-classic\1.2.3\logback-classic-1.2.3.jar;C:\Users\Admin\.m2\repository\ch\qos\logback\logback-core\1.2.3\logback-core-1.2.3.jar;C:\Users\Admin\.m2\repository\org\apache\logging\log4j\log4j-to-slf4j\2.13.3\log4j-to-slf4j-2.13.3.jar;C:\Users\Admin\.m2\repository\org\apache\logging\log4j\log4j-api\2.13.3\log4j-api-2.13.3.jar;C:\Users\Admin\.m2\repository\org\slf4j\jul-to-slf4j\1.7.30\jul-to-slf4j-1.7.30.jar;C:\Users\Admin\.m2\repository\jakarta\annotation\jakarta.annotation-api\1.3.5\jakarta.annotation-api-1.3.5.jar;C:\Users\Admin\.m2\repository\org\yaml\snakeyaml\1.27\snakeyaml-1.27.jar;C:\Users\Admin\.m2\repository\org\thymeleaf\thymeleaf-spring5\3.0.11.RELEASE\thymeleaf-spring5-3.0.11.RELEASE.jar;C:\Users\Admin\.m2\repository\org\thymeleaf\thymeleaf\3.0.11.RELEASE\thymeleaf-3.0.11.RELEASE.jar;C:\Users\Admin\.m2\repository\org\attoparser\attoparser\2.0.5.RELEASE\attoparser-2.0.5.RELEASE.jar;C:\Users\Admin\.m2\repository\org\unbescape\unbescape\1.1.6.RELEASE\unbescape-1.1.6.RELEASE.jar;C:\Users\Admin\.m2\repository\org\slf4j\slf4j-api\1.7.30\slf4j-api-1.7.30.jar;C:\Users\Admin\.m2\repository\org\thymeleaf\extras\thymeleaf-extras-java8time\3.0.4.RELEASE\thymeleaf-extras-java8time-3.0.4.RELEASE.jar;C:\Users\Admin\.m2\repository\org\springframework\boot\spring-boot-starter-webflux\2.4.0-RC1\spring-boot-starter-webflux-2.4.0-RC1.jar;C:\Users\Admin\.m2\repository\org\springframework\boot\spring-boot-starter-json\2.4.0-RC1\spring-boot-starter-json-2.4.0-
Launcher Type: SUN_STANDARD

[Global flags]
     intx CICompilerCount                          = 4                                         {product} {ergonomic}
     uint ConcGCThreads                            = 2                                         {product} {ergonomic}
     uint G1ConcRefinementThreads                  = 8                                         {product} {ergonomic}
   size_t G1HeapRegionSize                         = 1048576                                   {product} {ergonomic}
    uintx GCDrainStackTargetSize                   = 64                                        {product} {ergonomic}
   size_t InitialHeapSize                          = 134217728                                 {product} {ergonomic}
     bool ManagementServer                         = true                                      {product} {command line}
   size_t MarkStackSize                            = 4194304                                   {product} {ergonomic}
   size_t MaxHeapSize                              = 2118123520                                {product} {ergonomic}
   size_t MaxNewSize                               = 1270874112                                {product} {ergonomic}
   size_t MinHeapDeltaBytes                        = 1048576                                   {product} {ergonomic}
   size_t MinHeapSize                              = 8388608                                   {product} {ergonomic}
    uintx NonNMethodCodeHeapSize                   = 7549744                                {pd product} {ergonomic}
    uintx NonProfiledCodeHeapSize                  = 244108496                              {pd product} {ergonomic}
    uintx ProfiledCodeHeapSize                     = 0                                      {pd product} {ergonomic}
    uintx ReservedCodeCacheSize                    = 251658240                              {pd product} {ergonomic}
     bool SegmentedCodeCache                       = true                                      {product} {ergonomic}
   size_t SoftMaxHeapSize                          = 2118123520                             {manageable} {ergonomic}
     intx TieredStopAtLevel                        = 1                                         {product} {command line}
     bool UseCompressedClassPointers               = true                                 {lp64_product} {ergonomic}
     bool UseCompressedOops                        = true                                 {lp64_product} {ergonomic}
     bool UseG1GC                                  = true                                      {product} {ergonomic}
     bool UseLargePagesIndividualAllocation        = false                                  {pd product} {ergonomic}

Logging:
Log output configuration:
 #0: stdout all=warning uptime,level,tags
 #1: stderr all=off uptime,level,tags

Environment Variables:
JAVA_HOME=C:\Program Files\Java\jdk-14
PATH=C:\Program Files\Common Files\Oracle\Java\javapath;C:\Program Files (x86)\Common Files\Oracle\Java\javapath;C:\Windows\system32;C:\Windows;C:\Windows\System32\Wbem;C:\Windows\System32\WindowsPowerShell\v1.0\;C:\Windows\System32\OpenSSH\;C:\Program Files (x86)\NVIDIA Corporation\PhysX\Common;C:\Program Files\Intel\WiFi\bin\;C:\Program Files\Common Files\Intel\WirelessCommon\;C:\Program Files (x86)\Windows Live\Shared;C:\WINDOWS\system32;C:\WINDOWS;C:\WINDOWS\System32\Wbem;C:\WINDOWS\System32\WindowsPowerShell\v1.0\;C:\WINDOWS\System32\OpenSSH\;C:\MinGW\bin\gcc.exe;C:\Program Files\nodejs\;C:\Program Files\Git\cmd;C:\java\apache-maven\bin;C:\Users\Admin\AppData\Roaming\npm;C:\Program Files\IntelliJ IDEA\IntelliJ IDEA 2020.2.3\bin;
USERNAME=Admin
OS=Windows_NT
PROCESSOR_IDENTIFIER=Intel64 Family 6 Model 142 Stepping 10, GenuineIntel



---------------  S Y S T E M  ---------------

OS:
 Windows 10 , 64 bit Build 18362 (10.0.18362.329)
OS uptime: 0 days 0:22 hours

CPU: total 8 (initial active 8) (4 cores per cpu, 2 threads per core) family 6 model 142 stepping 10, cmov, cx8, fxsr, mmx, sse, sse2, sse3, ssse3, sse4.1, sse4.2, popcnt, vzeroupper, avx, avx2, aes, clmul, erms, 3dnowpref, lzcnt, ht, tsc, tscinvbit, bmi1, bmi2, adx, fma, clflush, clflushopt

Memory: 4k page, system-wide physical 8078M (1601M free)
TotalPageFile size 16782M (AvailPageFile size 8229M)
current process WorkingSet (physical memory assigned to process): 84M, peak: 84M
current process commit charge ("private bytes"): 229M, peak: 229M

vm_info: OpenJDK 64-Bit Server VM (15+36-1562) for windows-amd64 JRE (15+36-1562), built on Aug 11 2020 22:33:04 by "mach5one" with unknown MS VC++:1925

END.
