#
# A fatal error has been detected by the Java Runtime Environment:
#
#  Internal Error (./open/src/hotspot/cpu/x86/macroAssembler_x86.cpp:880), pid=7604, tid=13536
#  fatal error: DEBUG MESSAGE: illegal bytecode sequence - method not verified
#
# JRE version: OpenJDK Runtime Environment (15.0+36) (build 15+36-1562)
# Java VM: OpenJDK 64-Bit Server VM (15+36-1562, mixed mode, sharing, tiered, compressed oops, g1 gc, windows-amd64)
# No core dump will be written. Minidumps are not enabled by default on client versions of Windows
#
# If you would like to submit a bug report, please visit:
#   https://bugreport.java.com/bugreport/crash.jsp
#

---------------  S U M M A R Y ------------

Command Line: -XX:TieredStopAtLevel=1 -Xverify:none -Dspring.output.ansi.enabled=always -Dcom.sun.management.jmxremote -Dspring.jmx.enabled=true -Dspring.liveBeansView.mbeanDomain -Dspring.application.admin.enabled=true -javaagent:C:\Program Files\IntelliJ IDEA\IntelliJ IDEA 2020.2.3\lib\idea_rt.jar=51810:C:\Program Files\IntelliJ IDEA\IntelliJ IDEA 2020.2.3\bin -Dfile.encoding=UTF-8 com.example.vayprog.VayprogApplication

Host: Intel(R) Core(TM) i5-8250U CPU @ 1.60GHz, 8 cores, 7G,  Windows 10 , 64 bit Build 18362 (10.0.18362.329)
Time: Mon Nov  2 18:40:18 2020 RTZ 2 (ceia) elapsed time: 1.485202 seconds (0d 0h 0m 1s)

---------------  T H R E A D  ---------------

Current thread (0x0000022d81ab3010):  JavaThread "background-preinit" [_thread_in_Java, id=13536, stack(0x000000717da00000,0x000000717db00000)]

Stack: [0x000000717da00000,0x000000717db00000]
[error occurred during error reporting (printing stack bounds), id 0xc0000005, EXCEPTION_ACCESS_VIOLATION (0xc0000005) at pc=0x00007ff9666543f5]

Native frames: (J=compiled Java code, j=interpreted, Vv=VM code, C=native code)
V  [jvm.dll+0x629eaa]
V  [jvm.dll+0x780379]
V  [jvm.dll+0x781ad3]
V  [jvm.dll+0x782095]
V  [jvm.dll+0x78204b]
V  [jvm.dll+0x629379]
V  [jvm.dll+0x629b48]
C  [ntdll.dll+0xa121f]
C  [ntdll.dll+0x6a289]
C  [ntdll.dll+0x9fe8e]
V  [jvm.dll+0x6943f5]
C  0x0000022de9b20bbe


---------------  P R O C E S S  ---------------

Threads class SMR info:
_java_thread_list=0x0000022d81b14330, length=17, elements={
0x0000022de190f4c0, 0x0000022d803caa60, 0x0000022d803cdcf0, 0x0000022d803e6500,
0x0000022d803e6dc0, 0x0000022d803e9f30, 0x0000022d803ed1e0, 0x0000022d803f15f0,
0x0000022d803afa00, 0x0000022d8105f670, 0x0000022d81062810, 0x0000022d81561e30,
0x0000022d81982a00, 0x0000022d81983900, 0x0000022d81ac5d30, 0x0000022d81aeba00,
0x0000022d81ab3010
}

Java Threads: ( => current thread )
  0x0000022de190f4c0 JavaThread "main" [_thread_blocked, id=2684, stack(0x000000717bb00000,0x000000717bc00000)]
  0x0000022d803caa60 JavaThread "Reference Handler" daemon [_thread_blocked, id=1172, stack(0x000000717c200000,0x000000717c300000)]
  0x0000022d803cdcf0 JavaThread "Finalizer" daemon [_thread_blocked, id=12644, stack(0x000000717c300000,0x000000717c400000)]
  0x0000022d803e6500 JavaThread "Signal Dispatcher" daemon [_thread_blocked, id=5464, stack(0x000000717c400000,0x000000717c500000)]
  0x0000022d803e6dc0 JavaThread "Attach Listener" daemon [_thread_blocked, id=2184, stack(0x000000717c500000,0x000000717c600000)]
  0x0000022d803e9f30 JavaThread "Service Thread" daemon [_thread_blocked, id=2512, stack(0x000000717c600000,0x000000717c700000)]
  0x0000022d803ed1e0 JavaThread "C1 CompilerThread0" daemon [_thread_blocked, id=2068, stack(0x000000717c700000,0x000000717c800000)]
  0x0000022d803f15f0 JavaThread "Sweeper thread" daemon [_thread_blocked, id=2372, stack(0x000000717c800000,0x000000717c900000)]
  0x0000022d803afa00 JavaThread "Common-Cleaner" daemon [_thread_blocked, id=2720, stack(0x000000717c900000,0x000000717ca00000)]
  0x0000022d8105f670 JavaThread "Monitor Ctrl-Break" daemon [_thread_in_native, id=5224, stack(0x000000717ca00000,0x000000717cb00000)]
  0x0000022d81062810 JavaThread "Notification Thread" daemon [_thread_blocked, id=5960, stack(0x000000717cb00000,0x000000717cc00000)]
  0x0000022d81561e30 JavaThread "RMI TCP Accept-0" daemon [_thread_in_native, id=3372, stack(0x000000717cc00000,0x000000717cd00000)]
  0x0000022d81982a00 JavaThread "Thread-0" [_thread_blocked, id=3480, stack(0x000000717ce00000,0x000000717cf00000)]
  0x0000022d81983900 JavaThread "restartedMain" [_thread_in_vm, id=3484, stack(0x000000717cf00000,0x000000717d000000)]
  0x0000022d81ac5d30 JavaThread "RMI TCP Connection(1)-192.168.43.42" daemon [_thread_in_native, id=8896, stack(0x000000717d800000,0x000000717d900000)]
  0x0000022d81aeba00 JavaThread "RMI Scheduler(0)" daemon [_thread_blocked, id=9456, stack(0x000000717d900000,0x000000717da00000)]
=>0x0000022d81ab3010 JavaThread "background-preinit" [_thread_in_Java, id=13536, stack(0x000000717da00000,0x000000717db00000)]

Other Threads:
  0x0000022d803c7b20 VMThread "VM Thread" [stack: 0x000000717c100000,0x000000717c200000] [id=2320]
  0x0000022d815605d0 WatcherThread [stack: 0x000000717cd00000,0x000000717ce00000] [id=3588]
  0x0000022de194cc60 GCTaskThread "GC Thread#0" [stack: 0x000000717bc00000,0x000000717bd00000] [id=7612]
  0x0000022d815cc030 GCTaskThread "GC Thread#1" [stack: 0x000000717d000000,0x000000717d100000] [id=3476]
  0x0000022d815cbd00 GCTaskThread "GC Thread#2" [stack: 0x000000717d100000,0x000000717d200000] [id=4072]
  0x0000022d815ca6b0 GCTaskThread "GC Thread#3" [stack: 0x000000717d200000,0x000000717d300000] [id=4316]
  0x0000022d815cb6a0 GCTaskThread "GC Thread#4" [stack: 0x000000717d300000,0x000000717d400000] [id=7108]
  0x0000022d815cc360 GCTaskThread "GC Thread#5" [stack: 0x000000717d400000,0x000000717d500000] [id=6816]
  0x0000022de195ead0 ConcurrentGCThread "G1 Main Marker" [stack: 0x000000717bd00000,0x000000717be00000] [id=11632]
  0x0000022de195fdf0 ConcurrentGCThread "G1 Conc#0" [stack: 0x000000717be00000,0x000000717bf00000] [id=1944]
  0x0000022d802420b0 ConcurrentGCThread "G1 Refine#0" [stack: 0x000000717bf00000,0x000000717c000000] [id=2024]
  0x0000022d819a2e80 ConcurrentGCThread "G1 Refine#1" [stack: 0x000000717d500000,0x000000717d600000] [id=3256]
  0x0000022d81997590 ConcurrentGCThread "G1 Refine#2" [stack: 0x000000717d600000,0x000000717d700000] [id=6432]
  0x0000022d819978f0 ConcurrentGCThread "G1 Refine#3" [stack: 0x000000717d700000,0x000000717d800000] [id=3728]
  0x0000022d80242bc0 ConcurrentGCThread "G1 Young RemSet Sampling" [stack: 0x000000717c000000,0x000000717c100000] [id=2328]

Threads with active compile tasks:

VM state: not at safepoint (normal execution)

VM Mutex/Monitor currently owned by a thread: None

Heap address: 0x0000000081c00000, size: 2020 MB, Compressed Oops mode: 32-bit
CDS archive(s) mapped at: [0x0000000800000000-0x0000000800b50000-0x0000000800b50000), size 11862016, SharedBaseAddress: 0x0000000800000000, ArchiveRelocationMode: 0.
Compressed class space mapped at: 0x0000000800b50000-0x0000000840b50000, size: 1073741824
Narrow klass base: 0x0000000800000000, Narrow klass shift: 3, Narrow klass range: 0x100000000

GC Precious Log:
 CPUs: 8 total, 8 available
 Memory: 8078M
 Large Page Support: Disabled
 NUMA Support: Disabled
 Compressed Oops: Enabled (32-bit)
 Heap Region Size: 1M
 Heap Min Capacity: 8M
 Heap Initial Capacity: 128M
 Heap Max Capacity: 2020M
 Pre-touch: Disabled
 Parallel Workers: 8
 Concurrent Workers: 2
 Concurrent Refinement Workers: 8
 Periodic GC: Disabled

Heap:
 garbage-first heap   total 131072K, used 21083K [0x0000000081c00000, 0x0000000100000000)
  region size 1024K, 19 young (19456K), 3 survivors (3072K)
 Metaspace       used 10814K, capacity 11103K, committed 11264K, reserved 1058816K
  class space    used 1423K, capacity 1503K, committed 1536K, reserved 1048576K

Heap Regions: E=young(eden), S=young(survivor), O=old, HS=humongous(starts), HC=humongous(continues), CS=collection set, F=free, OA=open archive, CA=closed archive, TAMS=top-at-mark-start (previous, next)
|   0|0x0000000081c00000, 0x0000000081d00000, 0x0000000081d00000|100%| O|  |TAMS 0x0000000081c00000, 0x0000000081c00000| Untracked 
|   1|0x0000000081d00000, 0x0000000081e00000, 0x0000000081e00000|100%| O|  |TAMS 0x0000000081d00000, 0x0000000081d00000| Untracked 
|   2|0x0000000081e00000, 0x0000000081e96e00, 0x0000000081f00000| 58%| O|  |TAMS 0x0000000081e00000, 0x0000000081e00000| Untracked 
|   3|0x0000000081f00000, 0x0000000081f00000, 0x0000000082000000|  0%| F|  |TAMS 0x0000000081f00000, 0x0000000081f00000| Untracked 
|   4|0x0000000082000000, 0x0000000082000000, 0x0000000082100000|  0%| F|  |TAMS 0x0000000082000000, 0x0000000082000000| Untracked 
|   5|0x0000000082100000, 0x0000000082100000, 0x0000000082200000|  0%| F|  |TAMS 0x0000000082100000, 0x0000000082100000| Untracked 
|   6|0x0000000082200000, 0x0000000082200000, 0x0000000082300000|  0%| F|  |TAMS 0x0000000082200000, 0x0000000082200000| Untracked 
|   7|0x0000000082300000, 0x0000000082300000, 0x0000000082400000|  0%| F|  |TAMS 0x0000000082300000, 0x0000000082300000| Untracked 
|   8|0x0000000082400000, 0x0000000082400000, 0x0000000082500000|  0%| F|  |TAMS 0x0000000082400000, 0x0000000082400000| Untracked 
|   9|0x0000000082500000, 0x0000000082500000, 0x0000000082600000|  0%| F|  |TAMS 0x0000000082500000, 0x0000000082500000| Untracked 
|  10|0x0000000082600000, 0x0000000082600000, 0x0000000082700000|  0%| F|  |TAMS 0x0000000082600000, 0x0000000082600000| Untracked 
|  11|0x0000000082700000, 0x0000000082700000, 0x0000000082800000|  0%| F|  |TAMS 0x0000000082700000, 0x0000000082700000| Untracked 
|  12|0x0000000082800000, 0x0000000082800000, 0x0000000082900000|  0%| F|  |TAMS 0x0000000082800000, 0x0000000082800000| Untracked 
|  13|0x0000000082900000, 0x0000000082900000, 0x0000000082a00000|  0%| F|  |TAMS 0x0000000082900000, 0x0000000082900000| Untracked 
|  14|0x0000000082a00000, 0x0000000082a00000, 0x0000000082b00000|  0%| F|  |TAMS 0x0000000082a00000, 0x0000000082a00000| Untracked 
|  15|0x0000000082b00000, 0x0000000082b00000, 0x0000000082c00000|  0%| F|  |TAMS 0x0000000082b00000, 0x0000000082b00000| Untracked 
|  16|0x0000000082c00000, 0x0000000082c00000, 0x0000000082d00000|  0%| F|  |TAMS 0x0000000082c00000, 0x0000000082c00000| Untracked 
|  17|0x0000000082d00000, 0x0000000082d00000, 0x0000000082e00000|  0%| F|  |TAMS 0x0000000082d00000, 0x0000000082d00000| Untracked 
|  18|0x0000000082e00000, 0x0000000082e00000, 0x0000000082f00000|  0%| F|  |TAMS 0x0000000082e00000, 0x0000000082e00000| Untracked 
|  19|0x0000000082f00000, 0x0000000082f00000, 0x0000000083000000|  0%| F|  |TAMS 0x0000000082f00000, 0x0000000082f00000| Untracked 
|  20|0x0000000083000000, 0x0000000083000000, 0x0000000083100000|  0%| F|  |TAMS 0x0000000083000000, 0x0000000083000000| Untracked 
|  21|0x0000000083100000, 0x0000000083100000, 0x0000000083200000|  0%| F|  |TAMS 0x0000000083100000, 0x0000000083100000| Untracked 
|  22|0x0000000083200000, 0x0000000083200000, 0x0000000083300000|  0%| F|  |TAMS 0x0000000083200000, 0x0000000083200000| Untracked 
|  23|0x0000000083300000, 0x0000000083300000, 0x0000000083400000|  0%| F|  |TAMS 0x0000000083300000, 0x0000000083300000| Untracked 
|  24|0x0000000083400000, 0x0000000083400000, 0x0000000083500000|  0%| F|  |TAMS 0x0000000083400000, 0x0000000083400000| Untracked 
|  25|0x0000000083500000, 0x0000000083500000, 0x0000000083600000|  0%| F|  |TAMS 0x0000000083500000, 0x0000000083500000| Untracked 
|  26|0x0000000083600000, 0x0000000083600000, 0x0000000083700000|  0%| F|  |TAMS 0x0000000083600000, 0x0000000083600000| Untracked 
|  27|0x0000000083700000, 0x0000000083700000, 0x0000000083800000|  0%| F|  |TAMS 0x0000000083700000, 0x0000000083700000| Untracked 
|  28|0x0000000083800000, 0x0000000083800000, 0x0000000083900000|  0%| F|  |TAMS 0x0000000083800000, 0x0000000083800000| Untracked 
|  29|0x0000000083900000, 0x0000000083900000, 0x0000000083a00000|  0%| F|  |TAMS 0x0000000083900000, 0x0000000083900000| Untracked 
|  30|0x0000000083a00000, 0x0000000083a00000, 0x0000000083b00000|  0%| F|  |TAMS 0x0000000083a00000, 0x0000000083a00000| Untracked 
|  31|0x0000000083b00000, 0x0000000083b00000, 0x0000000083c00000|  0%| F|  |TAMS 0x0000000083b00000, 0x0000000083b00000| Untracked 
|  32|0x0000000083c00000, 0x0000000083c00000, 0x0000000083d00000|  0%| F|  |TAMS 0x0000000083c00000, 0x0000000083c00000| Untracked 
|  33|0x0000000083d00000, 0x0000000083d00000, 0x0000000083e00000|  0%| F|  |TAMS 0x0000000083d00000, 0x0000000083d00000| Untracked 
|  34|0x0000000083e00000, 0x0000000083e00000, 0x0000000083f00000|  0%| F|  |TAMS 0x0000000083e00000, 0x0000000083e00000| Untracked 
|  35|0x0000000083f00000, 0x0000000083f00000, 0x0000000084000000|  0%| F|  |TAMS 0x0000000083f00000, 0x0000000083f00000| Untracked 
|  36|0x0000000084000000, 0x0000000084000000, 0x0000000084100000|  0%| F|  |TAMS 0x0000000084000000, 0x0000000084000000| Untracked 
|  37|0x0000000084100000, 0x0000000084100000, 0x0000000084200000|  0%| F|  |TAMS 0x0000000084100000, 0x0000000084100000| Untracked 
|  38|0x0000000084200000, 0x0000000084200000, 0x0000000084300000|  0%| F|  |TAMS 0x0000000084200000, 0x0000000084200000| Untracked 
|  39|0x0000000084300000, 0x0000000084300000, 0x0000000084400000|  0%| F|  |TAMS 0x0000000084300000, 0x0000000084300000| Untracked 
|  40|0x0000000084400000, 0x0000000084400000, 0x0000000084500000|  0%| F|  |TAMS 0x0000000084400000, 0x0000000084400000| Untracked 
|  41|0x0000000084500000, 0x0000000084500000, 0x0000000084600000|  0%| F|  |TAMS 0x0000000084500000, 0x0000000084500000| Untracked 
|  42|0x0000000084600000, 0x0000000084600000, 0x0000000084700000|  0%| F|  |TAMS 0x0000000084600000, 0x0000000084600000| Untracked 
|  43|0x0000000084700000, 0x0000000084700000, 0x0000000084800000|  0%| F|  |TAMS 0x0000000084700000, 0x0000000084700000| Untracked 
|  44|0x0000000084800000, 0x0000000084800000, 0x0000000084900000|  0%| F|  |TAMS 0x0000000084800000, 0x0000000084800000| Untracked 
|  45|0x0000000084900000, 0x0000000084900000, 0x0000000084a00000|  0%| F|  |TAMS 0x0000000084900000, 0x0000000084900000| Untracked 
|  46|0x0000000084a00000, 0x0000000084a00000, 0x0000000084b00000|  0%| F|  |TAMS 0x0000000084a00000, 0x0000000084a00000| Untracked 
|  47|0x0000000084b00000, 0x0000000084b00000, 0x0000000084c00000|  0%| F|  |TAMS 0x0000000084b00000, 0x0000000084b00000| Untracked 
|  48|0x0000000084c00000, 0x0000000084c00000, 0x0000000084d00000|  0%| F|  |TAMS 0x0000000084c00000, 0x0000000084c00000| Untracked 
|  49|0x0000000084d00000, 0x0000000084d00000, 0x0000000084e00000|  0%| F|  |TAMS 0x0000000084d00000, 0x0000000084d00000| Untracked 
|  50|0x0000000084e00000, 0x0000000084e00000, 0x0000000084f00000|  0%| F|  |TAMS 0x0000000084e00000, 0x0000000084e00000| Untracked 
|  51|0x0000000084f00000, 0x0000000084f00000, 0x0000000085000000|  0%| F|  |TAMS 0x0000000084f00000, 0x0000000084f00000| Untracked 
|  52|0x0000000085000000, 0x0000000085000000, 0x0000000085100000|  0%| F|  |TAMS 0x0000000085000000, 0x0000000085000000| Untracked 
|  53|0x0000000085100000, 0x0000000085100000, 0x0000000085200000|  0%| F|  |TAMS 0x0000000085100000, 0x0000000085100000| Untracked 
|  54|0x0000000085200000, 0x0000000085200000, 0x0000000085300000|  0%| F|  |TAMS 0x0000000085200000, 0x0000000085200000| Untracked 
|  55|0x0000000085300000, 0x0000000085300000, 0x0000000085400000|  0%| F|  |TAMS 0x0000000085300000, 0x0000000085300000| Untracked 
|  56|0x0000000085400000, 0x0000000085400000, 0x0000000085500000|  0%| F|  |TAMS 0x0000000085400000, 0x0000000085400000| Untracked 
|  57|0x0000000085500000, 0x0000000085500000, 0x0000000085600000|  0%| F|  |TAMS 0x0000000085500000, 0x0000000085500000| Untracked 
|  58|0x0000000085600000, 0x0000000085600000, 0x0000000085700000|  0%| F|  |TAMS 0x0000000085600000, 0x0000000085600000| Untracked 
|  59|0x0000000085700000, 0x0000000085700000, 0x0000000085800000|  0%| F|  |TAMS 0x0000000085700000, 0x0000000085700000| Untracked 
|  60|0x0000000085800000, 0x0000000085800000, 0x0000000085900000|  0%| F|  |TAMS 0x0000000085800000, 0x0000000085800000| Untracked 
|  61|0x0000000085900000, 0x0000000085900000, 0x0000000085a00000|  0%| F|  |TAMS 0x0000000085900000, 0x0000000085900000| Untracked 
|  62|0x0000000085a00000, 0x0000000085a00000, 0x0000000085b00000|  0%| F|  |TAMS 0x0000000085a00000, 0x0000000085a00000| Untracked 
|  63|0x0000000085b00000, 0x0000000085b00000, 0x0000000085c00000|  0%| F|  |TAMS 0x0000000085b00000, 0x0000000085b00000| Untracked 
|  64|0x0000000085c00000, 0x0000000085c00000, 0x0000000085d00000|  0%| F|  |TAMS 0x0000000085c00000, 0x0000000085c00000| Untracked 
|  65|0x0000000085d00000, 0x0000000085d00000, 0x0000000085e00000|  0%| F|  |TAMS 0x0000000085d00000, 0x0000000085d00000| Untracked 
|  66|0x0000000085e00000, 0x0000000085e00000, 0x0000000085f00000|  0%| F|  |TAMS 0x0000000085e00000, 0x0000000085e00000| Untracked 
|  67|0x0000000085f00000, 0x0000000085f00000, 0x0000000086000000|  0%| F|  |TAMS 0x0000000085f00000, 0x0000000085f00000| Untracked 
|  68|0x0000000086000000, 0x0000000086000000, 0x0000000086100000|  0%| F|  |TAMS 0x0000000086000000, 0x0000000086000000| Untracked 
|  69|0x0000000086100000, 0x0000000086100000, 0x0000000086200000|  0%| F|  |TAMS 0x0000000086100000, 0x0000000086100000| Untracked 
|  70|0x0000000086200000, 0x0000000086200000, 0x0000000086300000|  0%| F|  |TAMS 0x0000000086200000, 0x0000000086200000| Untracked 
|  71|0x0000000086300000, 0x0000000086300000, 0x0000000086400000|  0%| F|  |TAMS 0x0000000086300000, 0x0000000086300000| Untracked 
|  72|0x0000000086400000, 0x0000000086400000, 0x0000000086500000|  0%| F|  |TAMS 0x0000000086400000, 0x0000000086400000| Untracked 
|  73|0x0000000086500000, 0x0000000086500000, 0x0000000086600000|  0%| F|  |TAMS 0x0000000086500000, 0x0000000086500000| Untracked 
|  74|0x0000000086600000, 0x0000000086600000, 0x0000000086700000|  0%| F|  |TAMS 0x0000000086600000, 0x0000000086600000| Untracked 
|  75|0x0000000086700000, 0x0000000086700000, 0x0000000086800000|  0%| F|  |TAMS 0x0000000086700000, 0x0000000086700000| Untracked 
|  76|0x0000000086800000, 0x0000000086800000, 0x0000000086900000|  0%| F|  |TAMS 0x0000000086800000, 0x0000000086800000| Untracked 
|  77|0x0000000086900000, 0x0000000086900000, 0x0000000086a00000|  0%| F|  |TAMS 0x0000000086900000, 0x0000000086900000| Untracked 
|  78|0x0000000086a00000, 0x0000000086a00000, 0x0000000086b00000|  0%| F|  |TAMS 0x0000000086a00000, 0x0000000086a00000| Untracked 
|  79|0x0000000086b00000, 0x0000000086b00000, 0x0000000086c00000|  0%| F|  |TAMS 0x0000000086b00000, 0x0000000086b00000| Untracked 
|  80|0x0000000086c00000, 0x0000000086c00000, 0x0000000086d00000|  0%| F|  |TAMS 0x0000000086c00000, 0x0000000086c00000| Untracked 
|  81|0x0000000086d00000, 0x0000000086d00000, 0x0000000086e00000|  0%| F|  |TAMS 0x0000000086d00000, 0x0000000086d00000| Untracked 
|  82|0x0000000086e00000, 0x0000000086e00000, 0x0000000086f00000|  0%| F|  |TAMS 0x0000000086e00000, 0x0000000086e00000| Untracked 
|  83|0x0000000086f00000, 0x0000000086f00000, 0x0000000087000000|  0%| F|  |TAMS 0x0000000086f00000, 0x0000000086f00000| Untracked 
|  84|0x0000000087000000, 0x0000000087000000, 0x0000000087100000|  0%| F|  |TAMS 0x0000000087000000, 0x0000000087000000| Untracked 
|  85|0x0000000087100000, 0x0000000087100000, 0x0000000087200000|  0%| F|  |TAMS 0x0000000087100000, 0x0000000087100000| Untracked 
|  86|0x0000000087200000, 0x0000000087200000, 0x0000000087300000|  0%| F|  |TAMS 0x0000000087200000, 0x0000000087200000| Untracked 
|  87|0x0000000087300000, 0x0000000087300000, 0x0000000087400000|  0%| F|  |TAMS 0x0000000087300000, 0x0000000087300000| Untracked 
|  88|0x0000000087400000, 0x0000000087400000, 0x0000000087500000|  0%| F|  |TAMS 0x0000000087400000, 0x0000000087400000| Untracked 
|  89|0x0000000087500000, 0x0000000087500000, 0x0000000087600000|  0%| F|  |TAMS 0x0000000087500000, 0x0000000087500000| Untracked 
|  90|0x0000000087600000, 0x0000000087600000, 0x0000000087700000|  0%| F|  |TAMS 0x0000000087600000, 0x0000000087600000| Untracked 
|  91|0x0000000087700000, 0x0000000087700000, 0x0000000087800000|  0%| F|  |TAMS 0x0000000087700000, 0x0000000087700000| Untracked 
|  92|0x0000000087800000, 0x0000000087800000, 0x0000000087900000|  0%| F|  |TAMS 0x0000000087800000, 0x0000000087800000| Untracked 
|  93|0x0000000087900000, 0x0000000087900000, 0x0000000087a00000|  0%| F|  |TAMS 0x0000000087900000, 0x0000000087900000| Untracked 
|  94|0x0000000087a00000, 0x0000000087a00000, 0x0000000087b00000|  0%| F|  |TAMS 0x0000000087a00000, 0x0000000087a00000| Untracked 
|  95|0x0000000087b00000, 0x0000000087b00000, 0x0000000087c00000|  0%| F|  |TAMS 0x0000000087b00000, 0x0000000087b00000| Untracked 
|  96|0x0000000087c00000, 0x0000000087c00000, 0x0000000087d00000|  0%| F|  |TAMS 0x0000000087c00000, 0x0000000087c00000| Untracked 
|  97|0x0000000087d00000, 0x0000000087d00000, 0x0000000087e00000|  0%| F|  |TAMS 0x0000000087d00000, 0x0000000087d00000| Untracked 
|  98|0x0000000087e00000, 0x0000000087e00000, 0x0000000087f00000|  0%| F|  |TAMS 0x0000000087e00000, 0x0000000087e00000| Untracked 
|  99|0x0000000087f00000, 0x0000000087f00000, 0x0000000088000000|  0%| F|  |TAMS 0x0000000087f00000, 0x0000000087f00000| Untracked 
| 100|0x0000000088000000, 0x0000000088000000, 0x0000000088100000|  0%| F|  |TAMS 0x0000000088000000, 0x0000000088000000| Untracked 
| 101|0x0000000088100000, 0x0000000088100000, 0x0000000088200000|  0%| F|  |TAMS 0x0000000088100000, 0x0000000088100000| Untracked 
| 102|0x0000000088200000, 0x0000000088300000, 0x0000000088300000|100%| S|CS|TAMS 0x0000000088200000, 0x0000000088200000| Complete 
| 103|0x0000000088300000, 0x0000000088400000, 0x0000000088400000|100%| S|CS|TAMS 0x0000000088300000, 0x0000000088300000| Complete 
| 104|0x0000000088400000, 0x0000000088500000, 0x0000000088500000|100%| S|CS|TAMS 0x0000000088400000, 0x0000000088400000| Complete 
| 105|0x0000000088500000, 0x0000000088500000, 0x0000000088600000|  0%| F|  |TAMS 0x0000000088500000, 0x0000000088500000| Untracked 
| 106|0x0000000088600000, 0x0000000088600000, 0x0000000088700000|  0%| F|  |TAMS 0x0000000088600000, 0x0000000088600000| Untracked 
| 107|0x0000000088700000, 0x0000000088700000, 0x0000000088800000|  0%| F|  |TAMS 0x0000000088700000, 0x0000000088700000| Untracked 
| 108|0x0000000088800000, 0x0000000088800000, 0x0000000088900000|  0%| F|  |TAMS 0x0000000088800000, 0x0000000088800000| Untracked 
| 109|0x0000000088900000, 0x0000000088900000, 0x0000000088a00000|  0%| F|  |TAMS 0x0000000088900000, 0x0000000088900000| Untracked 
| 110|0x0000000088a00000, 0x0000000088a00000, 0x0000000088b00000|  0%| F|  |TAMS 0x0000000088a00000, 0x0000000088a00000| Untracked 
| 111|0x0000000088b00000, 0x0000000088b00000, 0x0000000088c00000|  0%| F|  |TAMS 0x0000000088b00000, 0x0000000088b00000| Untracked 
| 112|0x0000000088c00000, 0x0000000088cd0e20, 0x0000000088d00000| 81%| E|  |TAMS 0x0000000088c00000, 0x0000000088c00000| Complete 
| 113|0x0000000088d00000, 0x0000000088e00000, 0x0000000088e00000|100%| E|CS|TAMS 0x0000000088d00000, 0x0000000088d00000| Complete 
| 114|0x0000000088e00000, 0x0000000088f00000, 0x0000000088f00000|100%| E|CS|TAMS 0x0000000088e00000, 0x0000000088e00000| Complete 
| 115|0x0000000088f00000, 0x0000000089000000, 0x0000000089000000|100%| E|CS|TAMS 0x0000000088f00000, 0x0000000088f00000| Complete 
| 116|0x0000000089000000, 0x0000000089100000, 0x0000000089100000|100%| E|CS|TAMS 0x0000000089000000, 0x0000000089000000| Complete 
| 117|0x0000000089100000, 0x0000000089200000, 0x0000000089200000|100%| E|CS|TAMS 0x0000000089100000, 0x0000000089100000| Complete 
| 118|0x0000000089200000, 0x0000000089300000, 0x0000000089300000|100%| E|CS|TAMS 0x0000000089200000, 0x0000000089200000| Complete 
| 119|0x0000000089300000, 0x0000000089400000, 0x0000000089400000|100%| E|CS|TAMS 0x0000000089300000, 0x0000000089300000| Complete 
| 120|0x0000000089400000, 0x0000000089500000, 0x0000000089500000|100%| E|CS|TAMS 0x0000000089400000, 0x0000000089400000| Complete 
| 121|0x0000000089500000, 0x0000000089600000, 0x0000000089600000|100%| E|CS|TAMS 0x0000000089500000, 0x0000000089500000| Complete 
| 122|0x0000000089600000, 0x0000000089700000, 0x0000000089700000|100%| E|CS|TAMS 0x0000000089600000, 0x0000000089600000| Complete 
| 123|0x0000000089700000, 0x0000000089800000, 0x0000000089800000|100%| E|CS|TAMS 0x0000000089700000, 0x0000000089700000| Complete 
| 124|0x0000000089800000, 0x0000000089900000, 0x0000000089900000|100%| E|CS|TAMS 0x0000000089800000, 0x0000000089800000| Complete 
| 125|0x0000000089900000, 0x0000000089a00000, 0x0000000089a00000|100%| E|CS|TAMS 0x0000000089900000, 0x0000000089900000| Complete 
| 126|0x0000000089a00000, 0x0000000089b00000, 0x0000000089b00000|100%| E|CS|TAMS 0x0000000089a00000, 0x0000000089a00000| Complete 
| 127|0x0000000089b00000, 0x0000000089c00000, 0x0000000089c00000|100%| E|CS|TAMS 0x0000000089b00000, 0x0000000089b00000| Complete 

Card table byte_map: [0x0000022df9250000,0x0000022df9650000] _byte_map_base: 0x0000022df8e42000

Marking Bits (Prev, Next): (CMBitMap*) 0x0000022de194e3f0, (CMBitMap*) 0x0000022de194e430
 Prev Bits: [0x0000022df9a50000, 0x0000022dfb9e0000)
 Next Bits: [0x0000022dfb9e0000, 0x0000022dfd970000)

Polling page: 0x0000022ddf8f0000

Metaspace:

Usage:
  Non-class:      9.44 MB capacity,     9.23 MB ( 98%) used,   197.30 KB (  2%) free+waste,    19.56 KB ( <1%) overhead. 
      Class:      1.50 MB capacity,     1.40 MB ( 93%) used,    91.62 KB (  6%) free+waste,     9.31 KB ( <1%) overhead. 
       Both:     10.94 MB capacity,    10.63 MB ( 97%) used,   288.91 KB (  3%) free+waste,    28.88 KB ( <1%) overhead. 

Virtual space:
  Non-class space:       10.00 MB reserved,       9.50 MB ( 95%) committed 
      Class space:        1.00 GB reserved,       1.50 MB ( <1%) committed 
             Both:        1.01 GB reserved,      11.00 MB (  1%) committed 

Chunk freelists:
   Non-Class:  0 bytes
       Class:  1.00 KB
        Both:  1.00 KB

MaxMetaspaceSize: 17179869184.00 GB
CompressedClassSpaceSize: 1.00 GB

CodeHeap 'non-profiled nmethods': size=238336Kb used=2527Kb max_used=2527Kb free=235809Kb
 bounds [0x0000022dea260000, 0x0000022dea4e0000, 0x0000022df8b20000]
CodeHeap 'non-nmethods': size=7424Kb used=1199Kb max_used=1199Kb free=6224Kb
 bounds [0x0000022de9b20000, 0x0000022de9d90000, 0x0000022dea260000]
 total_blobs=2252 nmethods=1788 adapters=391
 compilation: enabled
              stopped_count=0, restarted_count=0
 full_count=0

Compilation events (20 events):
Event: 1.475 Thread 0x0000022d803ed1e0 nmethod 1763 0x0000022dea4cea10 code [0x0000022dea4cebc0, 0x0000022dea4cece8]
Event: 1.475 Thread 0x0000022d803ed1e0 1764       1       ch.qos.logback.classic.Logger::isDebugEnabled (6 bytes)
Event: 1.475 Thread 0x0000022d803ed1e0 nmethod 1764 0x0000022dea4ced90 code [0x0000022dea4cef20, 0x0000022dea4cf008]
Event: 1.475 Thread 0x0000022d803ed1e0 1765       1       ch.qos.logback.classic.Logger::isDebugEnabled (77 bytes)
Event: 1.476 Thread 0x0000022d803ed1e0 nmethod 1765 0x0000022dea4cf090 code [0x0000022dea4cf2c0, 0x0000022dea4cf7b8]
Event: 1.476 Thread 0x0000022d803ed1e0 1771       1       org.springframework.core.ResolvableType::calculateHashCode (80 bytes)
Event: 1.476 Thread 0x0000022d803ed1e0 nmethod 1771 0x0000022dea4cfb10 code [0x0000022dea4cfce0, 0x0000022dea4cfeb8]
Event: 1.476 Thread 0x0000022d803ed1e0 1772       1       java.util.ArrayDeque::<init> (35 bytes)
Event: 1.476 Thread 0x0000022d803ed1e0 nmethod 1772 0x0000022dea4d0010 code [0x0000022dea4d01a0, 0x0000022dea4d0378]
Event: 1.476 Thread 0x0000022d803ed1e0 1766       1       org.springframework.core.env.SystemEnvironmentPropertySource::getProperty (86 bytes)
Event: 1.477 Thread 0x0000022d803ed1e0 nmethod 1766 0x0000022dea4d0410 code [0x0000022dea4d0680, 0x0000022dea4d0c08]
Event: 1.477 Thread 0x0000022d803ed1e0 1773       1       java.util.Collections$SingletonSet::iterator (8 bytes)
Event: 1.477 Thread 0x0000022d803ed1e0 nmethod 1773 0x0000022dea4d0f10 code [0x0000022dea4d10a0, 0x0000022dea4d1218]
Event: 1.477 Thread 0x0000022d803ed1e0 1767       1       org.springframework.core.env.SystemEnvironmentPropertySource::resolvePropertyName (45 bytes)
Event: 1.477 Thread 0x0000022d803ed1e0 nmethod 1767 0x0000022dea4d1290 code [0x0000022dea4d1480, 0x0000022dea4d16f8]
Event: 1.477 Thread 0x0000022d803ed1e0 1768       1       java.lang.String::toUpperCase (8 bytes)
Event: 1.477 Thread 0x0000022d803ed1e0 nmethod 1768 0x0000022dea4d1890 code [0x0000022dea4d1a40, 0x0000022dea4d1b78]
Event: 1.477 Thread 0x0000022d803ed1e0 1774       1       org.springframework.core.convert.support.GenericConversionService$Converters::getMatchableConverters (19 bytes)
Event: 1.477 Thread 0x0000022d803ed1e0 nmethod 1774 0x0000022dea4d1c10 code [0x0000022dea4d1dc0, 0x0000022dea4d1ee8]
Event: 1.477 Thread 0x0000022d803ed1e0 1775       1       org.springframework.core.convert.converter.GenericConverter$ConvertiblePair::<init> (27 bytes)

GC Heap History (2 events):
Event: 1.178 GC heap before
{Heap before GC invocations=0 (full 0):
 garbage-first heap   total 131072K, used 22528K [0x0000000081c00000, 0x0000000100000000)
  region size 1024K, 23 young (23552K), 0 survivors (0K)
 Metaspace       used 7288K, capacity 7504K, committed 7680K, reserved 1056768K
  class space    used 876K, capacity 939K, committed 1024K, reserved 1048576K
}
Event: 1.184 GC heap after
{Heap after GC invocations=1 (full 0):
 garbage-first heap   total 131072K, used 5723K [0x0000000081c00000, 0x0000000100000000)
  region size 1024K, 3 young (3072K), 3 survivors (3072K)
 Metaspace       used 7288K, capacity 7504K, committed 7680K, reserved 1056768K
  class space    used 876K, capacity 939K, committed 1024K, reserved 1048576K
}

Deoptimization events (0 events):
No events

Classes unloaded (0 events):
No events

Classes redefined (0 events):
No events

Internal exceptions (20 events):
Event: 1.029 Thread 0x0000022de190f4c0 Exception <a 'java/lang/NoSuchMethodError'{0x0000000088cdf800}: 'int java.lang.invoke.DirectMethodHandle$Holder.invokeStaticInit(java.lang.Object, java.lang.Object, java.lang.Object)'> (0x0000000088cdf800) 
thrown [./open/src/hotspot/share/interpreter/linkResolver.cpp, line 782]
Event: 1.037 Thread 0x0000022de190f4c0 Exception <a 'java/lang/NoSuchMethodError'{0x0000000088b0ad58}: 'java.lang.Object java.lang.invoke.DirectMethodHandle$Holder.invokeVirtual(java.lang.Object, java.lang.Object, java.lang.Object)'> (0x0000000088b0ad58) 
thrown [./open/src/hotspot/share/interpreter/linkResolver.cpp, line 782]
Event: 1.047 Thread 0x0000022de190f4c0 Exception <a 'java/lang/NoSuchMethodError'{0x0000000088b37988}: 'java.lang.Object java.lang.invoke.DirectMethodHandle$Holder.newInvokeSpecial(java.lang.Object, java.lang.Object, java.lang.Object, java.lang.Object, java.lang.Object)'> (0x0000000088b37988) 
thrown [./open/src/hotspot/share/interpreter/linkResolver.cpp, line 782]
Event: 1.248 Thread 0x0000022d81983900 Exception <a 'java/lang/NoSuchMethodError'{0x00000000899bac48}: 'void java.lang.invoke.DirectMethodHandle$Holder.invokeStatic(java.lang.Object, java.lang.Object, java.lang.Object, java.lang.Object)'> (0x00000000899bac48) 
thrown [./open/src/hotspot/share/interpreter/linkResolver.cpp, line 782]
Event: 1.250 Thread 0x0000022d81983900 Exception <a 'java/lang/NoSuchMethodError'{0x00000000899d3b68}: 'java.lang.Object java.lang.invoke.Invokers$Holder.invokeExact_MT(java.lang.Object, java.lang.Object, java.lang.Object, java.lang.Object, java.lang.Object, java.lang.Object)'> (0x00000000899d3b68) 
thrown [./open/src/hotspot/share/interpreter/linkResolver.cpp, line 782]
Event: 1.252 Thread 0x0000022d81983900 Exception <a 'java/lang/NoSuchMethodError'{0x00000000899ea950}: 'java.lang.Object java.lang.invoke.DirectMethodHandle$Holder.invokeInterface(java.lang.Object, java.lang.Object, java.lang.Object)'> (0x00000000899ea950) 
thrown [./open/src/hotspot/share/interpreter/linkResolver.cpp, line 782]
Event: 1.252 Thread 0x0000022d81983900 Exception <a 'java/lang/IncompatibleClassChangeError'{0x00000000899ee1e8}: Found class java.lang.Object, but interface was expected> (0x00000000899ee1e8) 
thrown [./open/src/hotspot/share/interpreter/linkResolver.cpp, line 848]
Event: 1.270 Thread 0x0000022d81983900 Exception <a 'java/lang/NoSuchMethodError'{0x00000000898f0f78}: 'int java.lang.invoke.DirectMethodHandle$Holder.invokeSpecial(java.lang.Object, java.lang.Object, java.lang.Object, java.lang.Object)'> (0x00000000898f0f78) 
thrown [./open/src/hotspot/share/interpreter/linkResolver.cpp, line 782]
Event: 1.292 Thread 0x0000022d81983900 Exception <a 'java/lang/NoSuchMethodError'{0x00000000896385c0}: 'java.lang.Object java.lang.invoke.DirectMethodHandle$Holder.newInvokeSpecial(java.lang.Object, java.lang.Object, java.lang.Object, java.lang.Object, java.lang.Object, java.lang.Object)'> (0x00000000896385c0) 
thrown [./open/src/hotspot/share/interpreter/linkResolver.cpp, line 782]
Event: 1.304 Thread 0x0000022d81983900 Exception <a 'java/lang/NoSuchMethodError'{0x00000000896ec230}: 'java.lang.Object java.lang.invoke.DirectMethodHandle$Holder.invokeSpecial(java.lang.Object, java.lang.Object, java.lang.Object, java.lang.Object, java.lang.Object, java.lang.Object, int)'> (0x00000000896ec230) 
thrown [./open/src/hotspot/share/interpreter/linkResolver.cpp, line 782]
Event: 1.305 Thread 0x0000022d81983900 Exception <a 'java/lang/NoSuchMethodError'{0x00000000896f78a0}: 'java.lang.Object java.lang.invoke.DirectMethodHandle$Holder.newInvokeSpecial(java.lang.Object, java.lang.Object, java.lang.Object, java.lang.Object, java.lang.Object, java.lang.Object, int)'> (0x00000000896f78a0) 
thrown [./open/src/hotspot/share/interpreter/linkResolver.cpp, line 782]
Event: 1.306 Thread 0x0000022d81983900 Exception <a 'java/lang/NoSuchMethodError'{0x00000000896fc9e8}: 'java.lang.Object java.lang.invoke.DirectMethodHandle$Holder.invokeSpecial(java.lang.Object, java.lang.Object, java.lang.Object, java.lang.Object, java.lang.Object, java.lang.Object, java.lang.Object, int)'> (0x00000000896fc9e8) 
thrown [./open/src/hotspot/share/interpreter/linkResolver.cpp, line 782]
Event: 1.367 Thread 0x0000022d81983900 Exception <a 'java/lang/NoSuchMethodError'{0x000000008939d7a8}: 'void java.lang.invoke.DirectMethodHandle$Holder.invokeInterface(java.lang.Object, java.lang.Object, java.lang.Object)'> (0x000000008939d7a8) 
thrown [./open/src/hotspot/share/interpreter/linkResolver.cpp, line 782]
Event: 1.411 Thread 0x0000022d81983900 Exception <a 'java/lang/NoSuchMethodError'{0x0000000089183f20}: 'void java.lang.invoke.DirectMethodHandle$Holder.invokeStatic(java.lang.Object, java.lang.Object, int)'> (0x0000000089183f20) 
thrown [./open/src/hotspot/share/interpreter/linkResolver.cpp, line 782]
Event: 1.440 Thread 0x0000022d81ac5d30 Exception <a 'java/lang/NoSuchMethodError'{0x00000000890e5660}: static [B.<clinit>()V> (0x00000000890e5660) 
thrown [./open/src/hotspot/share/prims/jni.cpp, line 1204]
Event: 1.451 Thread 0x0000022d81ac5d30 Exception <a 'java/lang/ClassNotFoundException'{0x0000000088f86140}: javax/management/remote/rmi/RMIConnectionImpl_Skel> (0x0000000088f86140) 
thrown [./open/src/hotspot/share/classfile/systemDictionary.cpp, line 295]
Event: 1.452 Thread 0x0000022d81ab1cd0 Exception <a 'java/lang/NoSuchMethodError'{0x0000000088fb9880}: 'java.lang.Object java.lang.invoke.Invokers$Holder.linkToTargetMethod(java.lang.Object, long, java.lang.Object)'> (0x0000000088fb9880) 
thrown [./open/src/hotspot/share/interpreter/linkResolver.cpp, line 782]
Event: 1.463 Thread 0x0000022d81ac5d30 Exception <a 'java/lang/reflect/InvocationTargetException'{0x0000000088e51920}> (0x0000000088e51920) 
thrown [./open/src/hotspot/share/runtime/reflection.cpp, line 1157]
Event: 1.467 Thread 0x0000022d81ac5d30 Exception <a 'java/lang/NoSuchMethodError'{0x0000000088ebcdb8}: static [Ljava/lang/StackTraceElement;.<clinit>()V> (0x0000000088ebcdb8) 
thrown [./open/src/hotspot/share/prims/jni.cpp, line 1204]
Event: 1.471 Thread 0x0000022d81983900 Exception <a 'java/lang/NoSuchMethodError'{0x0000000088e81978}: 'void java.lang.invoke.DirectMethodHandle$Holder.invokeSpecial(java.lang.Object, java.lang.Object, java.lang.Object, java.lang.Object, java.lang.Object)'> (0x0000000088e81978) 
thrown [./open/src/hotspot/share/interpreter/linkResolver.cpp, line 782]

Events (20 events):
Event: 1.460 loading class java/io/UnsupportedEncodingException
Event: 1.460 loading class java/io/UnsupportedEncodingException done
Event: 1.462 loading class javax/management/MalformedObjectNameException
Event: 1.462 loading class javax/management/MalformedObjectNameException done
Event: 1.462 loading class javax/management/remote/rmi/RMIConnectionImpl$PrivilegedOperation
Event: 1.462 loading class javax/management/remote/rmi/RMIConnectionImpl$PrivilegedOperation done
Event: 1.463 loading class java/security/PrivilegedActionException
Event: 1.463 loading class java/security/PrivilegedActionException done
Event: 1.463 loading class java/lang/reflect/InvocationTargetException
Event: 1.463 loading class java/lang/reflect/InvocationTargetException done
Event: 1.464 loading class java/io/PrintWriter
Event: 1.464 loading class java/io/PrintWriter done
Event: 1.464 loading class java/lang/Throwable$PrintStreamOrWriter
Event: 1.464 loading class java/lang/Throwable$PrintStreamOrWriter done
Event: 1.469 loading class java/rmi/AccessException
Event: 1.469 loading class java/rmi/AccessException done
Event: 1.471 loading class java/rmi/server/UnicastRemoteObject
Event: 1.471 Thread 0x0000022d81ab1cd0 Thread exited: 0x0000022d81ab1cd0
Event: 1.471 loading class java/rmi/server/UnicastRemoteObject done
Event: 1.475 Thread 0x0000022d81ab3010 Thread added: 0x0000022d81ab3010


Dynamic libraries:
0x00007ff602000000 - 0x00007ff60200d000 	C:\Users\Admin\.jdks\openjdk-15\bin\java.exe
0x00007ff99da40000 - 0x00007ff99dc30000 	C:\WINDOWS\SYSTEM32\ntdll.dll
0x00007ff99c120000 - 0x00007ff99c1d2000 	C:\WINDOWS\System32\KERNEL32.DLL
0x00007ff99b470000 - 0x00007ff99b713000 	C:\WINDOWS\System32\KERNELBASE.dll
0x00007ff99b720000 - 0x00007ff99b81a000 	C:\WINDOWS\System32\ucrtbase.dll
0x00007ff996f80000 - 0x00007ff996f98000 	C:\Users\Admin\.jdks\openjdk-15\bin\jli.dll
0x00007ff996f60000 - 0x00007ff996f79000 	C:\Users\Admin\.jdks\openjdk-15\bin\VCRUNTIME140.dll
0x00007ff99d310000 - 0x00007ff99d4a4000 	C:\WINDOWS\System32\USER32.dll
0x00007ff99aac0000 - 0x00007ff99aae1000 	C:\WINDOWS\System32\win32u.dll
0x00007ff98b050000 - 0x00007ff98b2d5000 	C:\WINDOWS\WinSxS\amd64_microsoft.windows.common-controls_6595b64144ccf1df_6.0.18362.657_none_e6c5b579130e3898\COMCTL32.dll
0x00007ff99bac0000 - 0x00007ff99bae6000 	C:\WINDOWS\System32\GDI32.dll
0x00007ff99c2c0000 - 0x00007ff99c35e000 	C:\WINDOWS\System32\msvcrt.dll
0x00007ff99b820000 - 0x00007ff99b9b4000 	C:\WINDOWS\System32\gdi32full.dll
0x00007ff99cdb0000 - 0x00007ff99d0e6000 	C:\WINDOWS\System32\combase.dll
0x00007ff99ba20000 - 0x00007ff99babe000 	C:\WINDOWS\System32\msvcp_win.dll
0x00007ff99cc20000 - 0x00007ff99cd40000 	C:\WINDOWS\System32\RPCRT4.dll
0x00007ff99aaf0000 - 0x00007ff99ab70000 	C:\WINDOWS\System32\bcryptPrimitives.dll
0x00007ff99d0f0000 - 0x00007ff99d11e000 	C:\WINDOWS\System32\IMM32.DLL
0x00007ff996f50000 - 0x00007ff996f5c000 	C:\Users\Admin\.jdks\openjdk-15\bin\vcruntime140_1.dll
0x00007ff995ed0000 - 0x00007ff995f61000 	C:\Users\Admin\.jdks\openjdk-15\bin\msvcp140.dll
0x00007ff965fc0000 - 0x00007ff966b1c000 	C:\Users\Admin\.jdks\openjdk-15\bin\server\jvm.dll
0x00007ff99d260000 - 0x00007ff99d303000 	C:\WINDOWS\System32\ADVAPI32.dll
0x00007ff99c080000 - 0x00007ff99c117000 	C:\WINDOWS\System32\sechost.dll
0x00007ff99bb50000 - 0x00007ff99bb58000 	C:\WINDOWS\System32\PSAPI.DLL
0x00007ff985c10000 - 0x00007ff985c19000 	C:\WINDOWS\SYSTEM32\WSOCK32.dll
0x00007ff997030000 - 0x00007ff997054000 	C:\WINDOWS\SYSTEM32\WINMM.dll
0x00007ff9942c0000 - 0x00007ff9942ca000 	C:\WINDOWS\SYSTEM32\VERSION.dll
0x00007ff99d1f0000 - 0x00007ff99d25f000 	C:\WINDOWS\System32\WS2_32.dll
0x00007ff997000000 - 0x00007ff99702d000 	C:\WINDOWS\SYSTEM32\WINMMBASE.dll
0x00007ff99a9c0000 - 0x00007ff99aa0a000 	C:\WINDOWS\System32\cfgmgr32.dll
0x00007ff99a8f0000 - 0x00007ff99a901000 	C:\WINDOWS\System32\kernel.appcore.dll
0x00007ff996f40000 - 0x00007ff996f4a000 	C:\Users\Admin\.jdks\openjdk-15\bin\jimage.dll
0x00007ff999200000 - 0x00007ff9993f4000 	C:\WINDOWS\SYSTEM32\DBGHELP.DLL
0x00007ff9825e0000 - 0x00007ff98260a000 	C:\WINDOWS\SYSTEM32\dbgcore.DLL
0x00007ff996050000 - 0x00007ff99605e000 	C:\Users\Admin\.jdks\openjdk-15\bin\instrument.dll
0x00007ff996f10000 - 0x00007ff996f35000 	C:\Users\Admin\.jdks\openjdk-15\bin\java.dll
0x00007ff99c4b0000 - 0x00007ff99cb95000 	C:\WINDOWS\System32\SHELL32.dll
0x00007ff99c1e0000 - 0x00007ff99c289000 	C:\WINDOWS\System32\shcore.dll
0x00007ff99ab70000 - 0x00007ff99b2ef000 	C:\WINDOWS\System32\windows.storage.dll
0x00007ff99a980000 - 0x00007ff99a99f000 	C:\WINDOWS\System32\profapi.dll
0x00007ff99a910000 - 0x00007ff99a95a000 	C:\WINDOWS\System32\powrprof.dll
0x00007ff99a8e0000 - 0x00007ff99a8f0000 	C:\WINDOWS\System32\UMPDC.dll
0x00007ff99baf0000 - 0x00007ff99bb42000 	C:\WINDOWS\System32\shlwapi.dll
0x00007ff99a9a0000 - 0x00007ff99a9b7000 	C:\WINDOWS\System32\cryptsp.dll
0x00007ff996610000 - 0x00007ff996628000 	C:\Users\Admin\.jdks\openjdk-15\bin\zip.dll
0x00007ff996ef0000 - 0x00007ff996f09000 	C:\Users\Admin\.jdks\openjdk-15\bin\net.dll
0x00007ff98d750000 - 0x00007ff98d840000 	C:\WINDOWS\SYSTEM32\WINHTTP.dll
0x00007ff99a150000 - 0x00007ff99a1b7000 	C:\WINDOWS\system32\mswsock.dll
0x00007ff996ed0000 - 0x00007ff996ee2000 	C:\Users\Admin\.jdks\openjdk-15\bin\nio.dll
0x00007ff995e70000 - 0x00007ff995e8a000 	C:\Program Files\IntelliJ IDEA\IntelliJ IDEA 2020.2.3\bin\breakgen64.dll
0x00007ff999ea0000 - 0x00007ff999f6a000 	C:\WINDOWS\SYSTEM32\DNSAPI.dll
0x00007ff99c2b0000 - 0x00007ff99c2b8000 	C:\WINDOWS\System32\NSI.dll
0x00007ff999e60000 - 0x00007ff999e9a000 	C:\WINDOWS\SYSTEM32\IPHLPAPI.DLL
0x00007ff991dd0000 - 0x00007ff991dda000 	C:\Windows\System32\rasadhlp.dll
0x00007ff98ffc0000 - 0x00007ff990037000 	C:\WINDOWS\System32\fwpuclnt.dll
0x00007ff99b440000 - 0x00007ff99b466000 	C:\WINDOWS\System32\bcrypt.dll
0x00007ff996040000 - 0x00007ff996049000 	C:\Users\Admin\.jdks\openjdk-15\bin\management.dll
0x00007ff995590000 - 0x00007ff99559b000 	C:\Users\Admin\.jdks\openjdk-15\bin\management_ext.dll
0x00007ff999cc0000 - 0x00007ff999cf3000 	C:\WINDOWS\system32\rsaenh.dll
0x00007ff99a800000 - 0x00007ff99a825000 	C:\WINDOWS\SYSTEM32\USERENV.dll
0x00007ff99a320000 - 0x00007ff99a32c000 	C:\WINDOWS\SYSTEM32\CRYPTBASE.dll
0x00007ff991db0000 - 0x00007ff991dc6000 	C:\WINDOWS\SYSTEM32\dhcpcsvc6.DLL
0x00007ff992340000 - 0x00007ff99235c000 	C:\WINDOWS\SYSTEM32\dhcpcsvc.DLL
0x00007ff993740000 - 0x00007ff993756000 	C:\WINDOWS\system32\napinsp.dll
0x00007ff993720000 - 0x00007ff99373a000 	C:\WINDOWS\system32\pnrpnsp.dll
0x00007ff993710000 - 0x00007ff99371e000 	C:\WINDOWS\System32\winrnr.dll
0x00007ff996e70000 - 0x00007ff996e8c000 	C:\WINDOWS\system32\NLAapi.dll
0x00007ff97bdd0000 - 0x00007ff97bde5000 	C:\WINDOWS\system32\wshbth.dll

dbghelp: loaded successfully - version: 4.0.5 - missing functions: none
symbol engine: initialized successfully - sym options: 0x614 - pdb path: .;C:\Users\Admin\.jdks\openjdk-15\bin;C:\WINDOWS\SYSTEM32;C:\WINDOWS\WinSxS\amd64_microsoft.windows.common-controls_6595b64144ccf1df_6.0.18362.657_none_e6c5b579130e3898;C:\Users\Admin\.jdks\openjdk-15\bin\server;C:\Program Files\IntelliJ IDEA\IntelliJ IDEA 2020.2.3\bin

VM Arguments:
jvm_args: -XX:TieredStopAtLevel=1 -Xverify:none -Dspring.output.ansi.enabled=always -Dcom.sun.management.jmxremote -Dspring.jmx.enabled=true -Dspring.liveBeansView.mbeanDomain -Dspring.application.admin.enabled=true -javaagent:C:\Program Files\IntelliJ IDEA\IntelliJ IDEA 2020.2.3\lib\idea_rt.jar=51810:C:\Program Files\IntelliJ IDEA\IntelliJ IDEA 2020.2.3\bin -Dfile.encoding=UTF-8 
java_command: com.example.vayprog.VayprogApplication
java_class_path (initial): C:\Users\Admin\Downloads\vayprog\vayprog\target\classes;C:\Users\Admin\.m2\repository\org\springframework\boot\spring-boot-starter-thymeleaf\2.4.0-RC1\spring-boot-starter-thymeleaf-2.4.0-RC1.jar;C:\Users\Admin\.m2\repository\org\springframework\boot\spring-boot-starter\2.4.0-RC1\spring-boot-starter-2.4.0-RC1.jar;C:\Users\Admin\.m2\repository\org\springframework\boot\spring-boot-starter-logging\2.4.0-RC1\spring-boot-starter-logging-2.4.0-RC1.jar;C:\Users\Admin\.m2\repository\ch\qos\logback\logback-classic\1.2.3\logback-classic-1.2.3.jar;C:\Users\Admin\.m2\repository\ch\qos\logback\logback-core\1.2.3\logback-core-1.2.3.jar;C:\Users\Admin\.m2\repository\org\apache\logging\log4j\log4j-to-slf4j\2.13.3\log4j-to-slf4j-2.13.3.jar;C:\Users\Admin\.m2\repository\org\apache\logging\log4j\log4j-api\2.13.3\log4j-api-2.13.3.jar;C:\Users\Admin\.m2\repository\org\slf4j\jul-to-slf4j\1.7.30\jul-to-slf4j-1.7.30.jar;C:\Users\Admin\.m2\repository\jakarta\annotation\jakarta.annotation-api\1.3.5\jakarta.annotation-api-1.3.5.jar;C:\Users\Admin\.m2\repository\org\yaml\snakeyaml\1.27\snakeyaml-1.27.jar;C:\Users\Admin\.m2\repository\org\thymeleaf\thymeleaf-spring5\3.0.11.RELEASE\thymeleaf-spring5-3.0.11.RELEASE.jar;C:\Users\Admin\.m2\repository\org\thymeleaf\thymeleaf\3.0.11.RELEASE\thymeleaf-3.0.11.RELEASE.jar;C:\Users\Admin\.m2\repository\org\attoparser\attoparser\2.0.5.RELEASE\attoparser-2.0.5.RELEASE.jar;C:\Users\Admin\.m2\repository\org\unbescape\unbescape\1.1.6.RELEASE\unbescape-1.1.6.RELEASE.jar;C:\Users\Admin\.m2\repository\org\slf4j\slf4j-api\1.7.30\slf4j-api-1.7.30.jar;C:\Users\Admin\.m2\repository\org\thymeleaf\extras\thymeleaf-extras-java8time\3.0.4.RELEASE\thymeleaf-extras-java8time-3.0.4.RELEASE.jar;C:\Users\Admin\.m2\repository\org\springframework\boot\spring-boot-starter-webflux\2.4.0-RC1\spring-boot-starter-webflux-2.4.0-RC1.jar;C:\Users\Admin\.m2\repository\org\springframework\boot\spring-boot-starter-json\2.4.0-RC1\spring-boot-starter-json-2.4.0-
Launcher Type: SUN_STANDARD

[Global flags]
     intx CICompilerCount                          = 4                                         {product} {ergonomic}
     uint ConcGCThreads                            = 2                                         {product} {ergonomic}
     uint G1ConcRefinementThreads                  = 8                                         {product} {ergonomic}
   size_t G1HeapRegionSize                         = 1048576                                   {product} {ergonomic}
    uintx GCDrainStackTargetSize                   = 64                                        {product} {ergonomic}
   size_t InitialHeapSize                          = 134217728                                 {product} {ergonomic}
     bool ManagementServer                         = true                                      {product} {command line}
   size_t MarkStackSize                            = 4194304                                   {product} {ergonomic}
   size_t MaxHeapSize                              = 2118123520                                {product} {ergonomic}
   size_t MaxNewSize                               = 1270874112                                {product} {ergonomic}
   size_t MinHeapDeltaBytes                        = 1048576                                   {product} {ergonomic}
   size_t MinHeapSize                              = 8388608                                   {product} {ergonomic}
    uintx NonNMethodCodeHeapSize                   = 7549744                                {pd product} {ergonomic}
    uintx NonProfiledCodeHeapSize                  = 244108496                              {pd product} {ergonomic}
    uintx ProfiledCodeHeapSize                     = 0                                      {pd product} {ergonomic}
    uintx ReservedCodeCacheSize                    = 251658240                              {pd product} {ergonomic}
     bool SegmentedCodeCache                       = true                                      {product} {ergonomic}
   size_t SoftMaxHeapSize                          = 2118123520                             {manageable} {ergonomic}
     intx TieredStopAtLevel                        = 1                                         {product} {command line}
     bool UseCompressedClassPointers               = true                                 {lp64_product} {ergonomic}
     bool UseCompressedOops                        = true                                 {lp64_product} {ergonomic}
     bool UseG1GC                                  = true                                      {product} {ergonomic}
     bool UseLargePagesIndividualAllocation        = false                                  {pd product} {ergonomic}

Logging:
Log output configuration:
 #0: stdout all=warning uptime,level,tags
 #1: stderr all=off uptime,level,tags

Environment Variables:
JAVA_HOME=C:\Program Files\Java\jdk-14
PATH=C:\Program Files\Common Files\Oracle\Java\javapath;C:\Program Files (x86)\Common Files\Oracle\Java\javapath;C:\Windows\system32;C:\Windows;C:\Windows\System32\Wbem;C:\Windows\System32\WindowsPowerShell\v1.0\;C:\Windows\System32\OpenSSH\;C:\Program Files (x86)\NVIDIA Corporation\PhysX\Common;C:\Program Files\Intel\WiFi\bin\;C:\Program Files\Common Files\Intel\WirelessCommon\;C:\Program Files (x86)\Windows Live\Shared;C:\WINDOWS\system32;C:\WINDOWS;C:\WINDOWS\System32\Wbem;C:\WINDOWS\System32\WindowsPowerShell\v1.0\;C:\WINDOWS\System32\OpenSSH\;C:\MinGW\bin\gcc.exe;C:\Program Files\nodejs\;C:\Program Files\Git\cmd;C:\java\apache-maven\bin;C:\Users\Admin\AppData\Roaming\npm;C:\Program Files\IntelliJ IDEA\IntelliJ IDEA 2020.2.3\bin;
USERNAME=Admin
OS=Windows_NT
PROCESSOR_IDENTIFIER=Intel64 Family 6 Model 142 Stepping 10, GenuineIntel



---------------  S Y S T E M  ---------------

OS:
 Windows 10 , 64 bit Build 18362 (10.0.18362.329)
OS uptime: 0 days 0:21 hours

CPU: total 8 (initial active 8) (4 cores per cpu, 2 threads per core) family 6 model 142 stepping 10, cmov, cx8, fxsr, mmx, sse, sse2, sse3, ssse3, sse4.1, sse4.2, popcnt, vzeroupper, avx, avx2, aes, clmul, erms, 3dnowpref, lzcnt, ht, tsc, tscinvbit, bmi1, bmi2, adx, fma, clflush, clflushopt

Memory: 4k page, system-wide physical 8078M (1557M free)
TotalPageFile size 16782M (AvailPageFile size 8240M)
current process WorkingSet (physical memory assigned to process): 84M, peak: 84M
current process commit charge ("private bytes"): 229M, peak: 229M

vm_info: OpenJDK 64-Bit Server VM (15+36-1562) for windows-amd64 JRE (15+36-1562), built on Aug 11 2020 22:33:04 by "mach5one" with unknown MS VC++:1925

END.
